<?xml version="1.0" encoding="UTF-8"?>
<robot generator="Robot 4.1.3 (Python 3.7.5 on win32)" generated="20220316 12:04:17.663" rpa="true" schemaversion="2">
<suite id="s1" name="Tasks" source="e:\Internshala\1-Xorion Technologies Pvt Ltd., Nagpur\Projects\Twitter web scrapper\Twitter-Web-scrapper\tasks.robot">
<test id="s1-t1" name="Store the latest tweets by given user name">
<kw name="Open Twitter homepage">
<kw name="Open Available Browser" library="RPA.Browser.Selenium">
<arg>https://mobile.twitter.com/${USER_NAME}</arg>
<doc>Attempts to open a browser on the user's device from a set of
supported browsers. Automatically downloads a corresponding webdriver
if none is already installed.</doc>
<msg timestamp="20220316 12:04:18.649" level="INFO">Creating an instance of the Chrome WebDriver.</msg>
<msg timestamp="20220316 12:04:18.671" level="INFO">Created download root directory: C:\Users\abagd\AppData\Local\robocorp\webdrivers</msg>
<msg timestamp="20220316 12:04:18.671" level="INFO">Created symlink directory: C:\Users\abagd\AppData\Local\robocorp\webdrivers</msg>
<msg timestamp="20220316 12:04:18.671" level="INFO">Creating an instance of the Chrome WebDriver.</msg>
<msg timestamp="20220316 12:04:19.902" level="INFO">Created Chrome browser with arguments: --disable-dev-shm-usage --disable-web-security --allow-running-insecure-content --no-sandbox</msg>
<msg timestamp="20220316 12:04:19.902" level="INFO" html="true">&lt;p&gt;Attempted combinations:&lt;/p&gt;&lt;div class="doc"&gt;&lt;table&gt;&lt;tr&gt;&lt;th&gt;Browser&lt;/th&gt;&lt;th&gt;Download&lt;/th&gt;&lt;th&gt;Error&lt;/th&gt;&lt;/tr&gt;&lt;tr&gt;&lt;td&gt;Chrome&lt;/td&gt;&lt;td&gt;False&lt;/td&gt;&lt;td&gt;Message: 'chromedriver' executable needs to be in PATH. Please see https://sites.google.com/a/chromium.org/chromedriver/home
&lt;/td&gt;&lt;/tr&gt;&lt;tr&gt;&lt;td&gt;Chrome&lt;/td&gt;&lt;td&gt;True&lt;/td&gt;&lt;td&gt;&lt;/td&gt;&lt;/tr&gt;&lt;/table&gt;&lt;/div&gt;</msg>
<msg timestamp="20220316 12:04:19.902" level="INFO">Opening url 'https://mobile.twitter.com/RobocorpInc'</msg>
<status status="PASS" starttime="20220316 12:04:18.648" endtime="20220316 12:04:26.766"/>
</kw>
<kw name="Wait Until Element Is Visible" library="RPA.Browser.Selenium">
<arg>css:main</arg>
<doc>Waits until the element ``locator`` is visible.</doc>
<status status="PASS" starttime="20220316 12:04:26.768" endtime="20220316 12:04:26.829"/>
</kw>
<status status="PASS" starttime="20220316 12:04:18.648" endtime="20220316 12:04:26.830"/>
</kw>
<kw name="Hide distracting UI elements">
<kw name="Create List" library="BuiltIn">
<var>@{locators}</var>
<arg>header</arg>
<arg>\#layers &gt; div</arg>
<arg>nav</arg>
<arg>div[data-testid="primaryColumn"] &gt; div &gt; div</arg>
<arg>div[data-testid="sidebarColumn"]</arg>
<arg>div[data-testid="inlinePrompt"]</arg>
<arg>div[data-testid="sheetDialog"]</arg>
<doc>Returns a list containing given items.</doc>
<msg timestamp="20220316 12:04:26.835" level="INFO">@{locators} = [ header | #layers &gt; div | nav | div[data-testid="primaryColumn"] &gt; div &gt; div | div[data-testid="sidebarColumn"] | div[data-testid="inlinePrompt"] | div[data-testid="sheetDialog"] ]</msg>
<status status="PASS" starttime="20220316 12:04:26.834" endtime="20220316 12:04:26.835"/>
</kw>
<for flavor="IN">
<var>${locator}</var>
<value>@{locators}</value>
<iter>
<var name="${locator}">header</var>
<kw name="Hide element">
<arg>${locator}</arg>
<kw name="Mute Run On Failure" library="RPA.RobotLogListener">
<arg>Execute Javascript</arg>
<doc>Set keywords which should not execute `SeleniumLibrary`
default behaviour of running keyword on failure.</doc>
<kw name="Get Library Instance" library="BuiltIn">
<arg>RPA.Browser</arg>
<doc>Returns the currently active instance of the specified test library.</doc>
<msg timestamp="20220316 12:04:26.843" level="FAIL">No library 'RPA.Browser' found.</msg>
<status status="FAIL" starttime="20220316 12:04:26.840" endtime="20220316 12:04:26.843"/>
</kw>
<kw name="Get Library Instance" library="BuiltIn">
<arg>RPA.Browser.Selenium</arg>
<doc>Returns the currently active instance of the specified test library.</doc>
<status status="PASS" starttime="20220316 12:04:26.844" endtime="20220316 12:04:26.845"/>
</kw>
<status status="PASS" starttime="20220316 12:04:26.839" endtime="20220316 12:04:26.845"/>
</kw>
<kw name="Run Keyword And Ignore Error" library="BuiltIn">
<arg>Execute Javascript</arg>
<arg>document.querySelector('${locator}').style.display = 'none'</arg>
<doc>Runs the given keyword with the given arguments and ignores possible error.</doc>
<kw name="Execute Javascript" library="RPA.Browser.Selenium">
<arg>document.querySelector('${locator}').style.display = 'none'</arg>
<doc>Executes the given JavaScript code with possible arguments.</doc>
<msg timestamp="20220316 12:04:26.848" level="INFO">No keyword will be run on failure.</msg>
<msg timestamp="20220316 12:04:26.850" level="INFO">Executing JavaScript:
document.querySelector('header').style.display = 'none'
Without any arguments.</msg>
<msg timestamp="20220316 12:04:26.871" level="INFO">Capture Page Screenshot will be run on failure.</msg>
<status status="PASS" starttime="20220316 12:04:26.847" endtime="20220316 12:04:26.871"/>
</kw>
<status status="PASS" starttime="20220316 12:04:26.846" endtime="20220316 12:04:26.872"/>
</kw>
<status status="PASS" starttime="20220316 12:04:26.837" endtime="20220316 12:04:26.872"/>
</kw>
<status status="PASS" starttime="20220316 12:04:26.837" endtime="20220316 12:04:26.872"/>
</iter>
<iter>
<var name="${locator}">#layers &gt; div</var>
<kw name="Hide element">
<arg>${locator}</arg>
<kw name="Mute Run On Failure" library="RPA.RobotLogListener">
<arg>Execute Javascript</arg>
<doc>Set keywords which should not execute `SeleniumLibrary`
default behaviour of running keyword on failure.</doc>
<kw name="Get Library Instance" library="BuiltIn">
<arg>RPA.Browser</arg>
<doc>Returns the currently active instance of the specified test library.</doc>
<msg timestamp="20220316 12:04:26.878" level="FAIL">No library 'RPA.Browser' found.</msg>
<status status="FAIL" starttime="20220316 12:04:26.876" endtime="20220316 12:04:26.879"/>
</kw>
<kw name="Get Library Instance" library="BuiltIn">
<arg>RPA.Browser.Selenium</arg>
<doc>Returns the currently active instance of the specified test library.</doc>
<status status="PASS" starttime="20220316 12:04:26.879" endtime="20220316 12:04:26.880"/>
</kw>
<status status="PASS" starttime="20220316 12:04:26.876" endtime="20220316 12:04:26.880"/>
</kw>
<kw name="Run Keyword And Ignore Error" library="BuiltIn">
<arg>Execute Javascript</arg>
<arg>document.querySelector('${locator}').style.display = 'none'</arg>
<doc>Runs the given keyword with the given arguments and ignores possible error.</doc>
<kw name="Execute Javascript" library="RPA.Browser.Selenium">
<arg>document.querySelector('${locator}').style.display = 'none'</arg>
<doc>Executes the given JavaScript code with possible arguments.</doc>
<msg timestamp="20220316 12:04:26.881" level="INFO">No keyword will be run on failure.</msg>
<msg timestamp="20220316 12:04:26.881" level="INFO">No keyword will be run on failure.</msg>
<msg timestamp="20220316 12:04:26.882" level="INFO">Executing JavaScript:
document.querySelector('#layers &gt; div').style.display = 'none'
Without any arguments.</msg>
<status status="PASS" starttime="20220316 12:04:26.880" endtime="20220316 12:04:26.893"/>
</kw>
<status status="PASS" starttime="20220316 12:04:26.880" endtime="20220316 12:04:26.894"/>
</kw>
<status status="PASS" starttime="20220316 12:04:26.874" endtime="20220316 12:04:26.894"/>
</kw>
<status status="PASS" starttime="20220316 12:04:26.873" endtime="20220316 12:04:26.894"/>
</iter>
<iter>
<var name="${locator}">nav</var>
<kw name="Hide element">
<arg>${locator}</arg>
<kw name="Mute Run On Failure" library="RPA.RobotLogListener">
<arg>Execute Javascript</arg>
<doc>Set keywords which should not execute `SeleniumLibrary`
default behaviour of running keyword on failure.</doc>
<kw name="Get Library Instance" library="BuiltIn">
<arg>RPA.Browser</arg>
<doc>Returns the currently active instance of the specified test library.</doc>
<msg timestamp="20220316 12:04:26.898" level="FAIL">No library 'RPA.Browser' found.</msg>
<status status="FAIL" starttime="20220316 12:04:26.896" endtime="20220316 12:04:26.898"/>
</kw>
<kw name="Get Library Instance" library="BuiltIn">
<arg>RPA.Browser.Selenium</arg>
<doc>Returns the currently active instance of the specified test library.</doc>
<status status="PASS" starttime="20220316 12:04:26.898" endtime="20220316 12:04:26.898"/>
</kw>
<status status="PASS" starttime="20220316 12:04:26.896" endtime="20220316 12:04:26.899"/>
</kw>
<kw name="Run Keyword And Ignore Error" library="BuiltIn">
<arg>Execute Javascript</arg>
<arg>document.querySelector('${locator}').style.display = 'none'</arg>
<doc>Runs the given keyword with the given arguments and ignores possible error.</doc>
<kw name="Execute Javascript" library="RPA.Browser.Selenium">
<arg>document.querySelector('${locator}').style.display = 'none'</arg>
<doc>Executes the given JavaScript code with possible arguments.</doc>
<msg timestamp="20220316 12:04:26.900" level="INFO">No keyword will be run on failure.</msg>
<msg timestamp="20220316 12:04:26.900" level="INFO">No keyword will be run on failure.</msg>
<msg timestamp="20220316 12:04:26.900" level="INFO">No keyword will be run on failure.</msg>
<msg timestamp="20220316 12:04:26.902" level="INFO">Executing JavaScript:
document.querySelector('nav').style.display = 'none'
Without any arguments.</msg>
<status status="PASS" starttime="20220316 12:04:26.899" endtime="20220316 12:04:26.910"/>
</kw>
<status status="PASS" starttime="20220316 12:04:26.899" endtime="20220316 12:04:26.910"/>
</kw>
<status status="PASS" starttime="20220316 12:04:26.895" endtime="20220316 12:04:26.911"/>
</kw>
<status status="PASS" starttime="20220316 12:04:26.895" endtime="20220316 12:04:26.911"/>
</iter>
<iter>
<var name="${locator}">div[data-testid="primaryColumn"] &gt; div &gt; div</var>
<kw name="Hide element">
<arg>${locator}</arg>
<kw name="Mute Run On Failure" library="RPA.RobotLogListener">
<arg>Execute Javascript</arg>
<doc>Set keywords which should not execute `SeleniumLibrary`
default behaviour of running keyword on failure.</doc>
<kw name="Get Library Instance" library="BuiltIn">
<arg>RPA.Browser</arg>
<doc>Returns the currently active instance of the specified test library.</doc>
<msg timestamp="20220316 12:04:26.919" level="FAIL">No library 'RPA.Browser' found.</msg>
<status status="FAIL" starttime="20220316 12:04:26.917" endtime="20220316 12:04:26.919"/>
</kw>
<kw name="Get Library Instance" library="BuiltIn">
<arg>RPA.Browser.Selenium</arg>
<doc>Returns the currently active instance of the specified test library.</doc>
<status status="PASS" starttime="20220316 12:04:26.919" endtime="20220316 12:04:26.920"/>
</kw>
<status status="PASS" starttime="20220316 12:04:26.915" endtime="20220316 12:04:26.922"/>
</kw>
<kw name="Run Keyword And Ignore Error" library="BuiltIn">
<arg>Execute Javascript</arg>
<arg>document.querySelector('${locator}').style.display = 'none'</arg>
<doc>Runs the given keyword with the given arguments and ignores possible error.</doc>
<kw name="Execute Javascript" library="RPA.Browser.Selenium">
<arg>document.querySelector('${locator}').style.display = 'none'</arg>
<doc>Executes the given JavaScript code with possible arguments.</doc>
<msg timestamp="20220316 12:04:26.923" level="INFO">No keyword will be run on failure.</msg>
<msg timestamp="20220316 12:04:26.924" level="INFO">No keyword will be run on failure.</msg>
<msg timestamp="20220316 12:04:26.924" level="INFO">No keyword will be run on failure.</msg>
<msg timestamp="20220316 12:04:26.924" level="INFO">No keyword will be run on failure.</msg>
<msg timestamp="20220316 12:04:26.924" level="INFO">Executing JavaScript:
document.querySelector('div[data-testid="primaryColumn"] &gt; div &gt; div').style.display = 'none'
Without any arguments.</msg>
<status status="PASS" starttime="20220316 12:04:26.923" endtime="20220316 12:04:26.937"/>
</kw>
<status status="PASS" starttime="20220316 12:04:26.922" endtime="20220316 12:04:26.938"/>
</kw>
<status status="PASS" starttime="20220316 12:04:26.912" endtime="20220316 12:04:26.939"/>
</kw>
<status status="PASS" starttime="20220316 12:04:26.912" endtime="20220316 12:04:26.939"/>
</iter>
<iter>
<var name="${locator}">div[data-testid="sidebarColumn"]</var>
<kw name="Hide element">
<arg>${locator}</arg>
<kw name="Mute Run On Failure" library="RPA.RobotLogListener">
<arg>Execute Javascript</arg>
<doc>Set keywords which should not execute `SeleniumLibrary`
default behaviour of running keyword on failure.</doc>
<kw name="Get Library Instance" library="BuiltIn">
<arg>RPA.Browser</arg>
<doc>Returns the currently active instance of the specified test library.</doc>
<msg timestamp="20220316 12:04:26.946" level="FAIL">No library 'RPA.Browser' found.</msg>
<status status="FAIL" starttime="20220316 12:04:26.944" endtime="20220316 12:04:26.947"/>
</kw>
<kw name="Get Library Instance" library="BuiltIn">
<arg>RPA.Browser.Selenium</arg>
<doc>Returns the currently active instance of the specified test library.</doc>
<status status="PASS" starttime="20220316 12:04:26.948" endtime="20220316 12:04:26.950"/>
</kw>
<status status="PASS" starttime="20220316 12:04:26.943" endtime="20220316 12:04:26.950"/>
</kw>
<kw name="Run Keyword And Ignore Error" library="BuiltIn">
<arg>Execute Javascript</arg>
<arg>document.querySelector('${locator}').style.display = 'none'</arg>
<doc>Runs the given keyword with the given arguments and ignores possible error.</doc>
<kw name="Execute Javascript" library="RPA.Browser.Selenium">
<arg>document.querySelector('${locator}').style.display = 'none'</arg>
<doc>Executes the given JavaScript code with possible arguments.</doc>
<msg timestamp="20220316 12:04:26.952" level="INFO">No keyword will be run on failure.</msg>
<msg timestamp="20220316 12:04:26.952" level="INFO">No keyword will be run on failure.</msg>
<msg timestamp="20220316 12:04:26.952" level="INFO">No keyword will be run on failure.</msg>
<msg timestamp="20220316 12:04:26.952" level="INFO">No keyword will be run on failure.</msg>
<msg timestamp="20220316 12:04:26.952" level="INFO">No keyword will be run on failure.</msg>
<msg timestamp="20220316 12:04:26.954" level="INFO">Executing JavaScript:
document.querySelector('div[data-testid="sidebarColumn"]').style.display = 'none'
Without any arguments.</msg>
<status status="PASS" starttime="20220316 12:04:26.952" endtime="20220316 12:04:26.961"/>
</kw>
<status status="PASS" starttime="20220316 12:04:26.951" endtime="20220316 12:04:26.961"/>
</kw>
<status status="PASS" starttime="20220316 12:04:26.941" endtime="20220316 12:04:26.962"/>
</kw>
<status status="PASS" starttime="20220316 12:04:26.940" endtime="20220316 12:04:26.962"/>
</iter>
<iter>
<var name="${locator}">div[data-testid="inlinePrompt"]</var>
<kw name="Hide element">
<arg>${locator}</arg>
<kw name="Mute Run On Failure" library="RPA.RobotLogListener">
<arg>Execute Javascript</arg>
<doc>Set keywords which should not execute `SeleniumLibrary`
default behaviour of running keyword on failure.</doc>
<kw name="Get Library Instance" library="BuiltIn">
<arg>RPA.Browser</arg>
<doc>Returns the currently active instance of the specified test library.</doc>
<msg timestamp="20220316 12:04:26.968" level="FAIL">No library 'RPA.Browser' found.</msg>
<status status="FAIL" starttime="20220316 12:04:26.967" endtime="20220316 12:04:26.969"/>
</kw>
<kw name="Get Library Instance" library="BuiltIn">
<arg>RPA.Browser.Selenium</arg>
<doc>Returns the currently active instance of the specified test library.</doc>
<status status="PASS" starttime="20220316 12:04:26.969" endtime="20220316 12:04:26.970"/>
</kw>
<status status="PASS" starttime="20220316 12:04:26.966" endtime="20220316 12:04:26.970"/>
</kw>
<kw name="Run Keyword And Ignore Error" library="BuiltIn">
<arg>Execute Javascript</arg>
<arg>document.querySelector('${locator}').style.display = 'none'</arg>
<doc>Runs the given keyword with the given arguments and ignores possible error.</doc>
<kw name="Execute Javascript" library="RPA.Browser.Selenium">
<arg>document.querySelector('${locator}').style.display = 'none'</arg>
<doc>Executes the given JavaScript code with possible arguments.</doc>
<msg timestamp="20220316 12:04:26.971" level="INFO">No keyword will be run on failure.</msg>
<msg timestamp="20220316 12:04:26.971" level="INFO">No keyword will be run on failure.</msg>
<msg timestamp="20220316 12:04:26.971" level="INFO">No keyword will be run on failure.</msg>
<msg timestamp="20220316 12:04:26.971" level="INFO">No keyword will be run on failure.</msg>
<msg timestamp="20220316 12:04:26.972" level="INFO">No keyword will be run on failure.</msg>
<msg timestamp="20220316 12:04:26.972" level="INFO">No keyword will be run on failure.</msg>
<msg timestamp="20220316 12:04:26.972" level="INFO">Executing JavaScript:
document.querySelector('div[data-testid="inlinePrompt"]').style.display = 'none'
Without any arguments.</msg>
<msg timestamp="20220316 12:04:27.022" level="FAIL">JavascriptException: Message: javascript error: Cannot read properties of null (reading 'style')
  (Session info: chrome=99.0.4844.51)
</msg>
<status status="FAIL" starttime="20220316 12:04:26.971" endtime="20220316 12:04:27.022"/>
</kw>
<status status="PASS" starttime="20220316 12:04:26.970" endtime="20220316 12:04:27.023"/>
</kw>
<status status="PASS" starttime="20220316 12:04:26.962" endtime="20220316 12:04:27.025"/>
</kw>
<status status="PASS" starttime="20220316 12:04:26.962" endtime="20220316 12:04:27.025"/>
</iter>
<iter>
<var name="${locator}">div[data-testid="sheetDialog"]</var>
<kw name="Hide element">
<arg>${locator}</arg>
<kw name="Mute Run On Failure" library="RPA.RobotLogListener">
<arg>Execute Javascript</arg>
<doc>Set keywords which should not execute `SeleniumLibrary`
default behaviour of running keyword on failure.</doc>
<kw name="Get Library Instance" library="BuiltIn">
<arg>RPA.Browser</arg>
<doc>Returns the currently active instance of the specified test library.</doc>
<msg timestamp="20220316 12:04:27.036" level="FAIL">No library 'RPA.Browser' found.</msg>
<status status="FAIL" starttime="20220316 12:04:27.033" endtime="20220316 12:04:27.036"/>
</kw>
<kw name="Get Library Instance" library="BuiltIn">
<arg>RPA.Browser.Selenium</arg>
<doc>Returns the currently active instance of the specified test library.</doc>
<status status="PASS" starttime="20220316 12:04:27.037" endtime="20220316 12:04:27.039"/>
</kw>
<status status="PASS" starttime="20220316 12:04:27.030" endtime="20220316 12:04:27.039"/>
</kw>
<kw name="Run Keyword And Ignore Error" library="BuiltIn">
<arg>Execute Javascript</arg>
<arg>document.querySelector('${locator}').style.display = 'none'</arg>
<doc>Runs the given keyword with the given arguments and ignores possible error.</doc>
<kw name="Execute Javascript" library="RPA.Browser.Selenium">
<arg>document.querySelector('${locator}').style.display = 'none'</arg>
<doc>Executes the given JavaScript code with possible arguments.</doc>
<msg timestamp="20220316 12:04:27.042" level="INFO">No keyword will be run on failure.</msg>
<msg timestamp="20220316 12:04:27.042" level="INFO">No keyword will be run on failure.</msg>
<msg timestamp="20220316 12:04:27.043" level="INFO">No keyword will be run on failure.</msg>
<msg timestamp="20220316 12:04:27.043" level="INFO">No keyword will be run on failure.</msg>
<msg timestamp="20220316 12:04:27.043" level="INFO">No keyword will be run on failure.</msg>
<msg timestamp="20220316 12:04:27.043" level="INFO">No keyword will be run on failure.</msg>
<msg timestamp="20220316 12:04:27.043" level="INFO">No keyword will be run on failure.</msg>
<msg timestamp="20220316 12:04:27.046" level="INFO">Executing JavaScript:
document.querySelector('div[data-testid="sheetDialog"]').style.display = 'none'
Without any arguments.</msg>
<msg timestamp="20220316 12:04:27.063" level="FAIL">JavascriptException: Message: javascript error: Cannot read properties of null (reading 'style')
  (Session info: chrome=99.0.4844.51)
</msg>
<status status="FAIL" starttime="20220316 12:04:27.042" endtime="20220316 12:04:27.064"/>
</kw>
<status status="PASS" starttime="20220316 12:04:27.040" endtime="20220316 12:04:27.065"/>
</kw>
<status status="PASS" starttime="20220316 12:04:27.027" endtime="20220316 12:04:27.065"/>
</kw>
<status status="PASS" starttime="20220316 12:04:27.026" endtime="20220316 12:04:27.066"/>
</iter>
<status status="PASS" starttime="20220316 12:04:26.835" endtime="20220316 12:04:27.066"/>
</for>
<status status="PASS" starttime="20220316 12:04:26.831" endtime="20220316 12:04:27.067"/>
</kw>
<kw name="Scroll down to load dynamic content">
<for flavor="IN RANGE">
<var>${pixels}</var>
<value>200</value>
<value>2000</value>
<value>200</value>
<iter>
<var name="${pixels}">200</var>
<kw name="Execute Javascript" library="RPA.Browser.Selenium">
<arg>window.scrollBy(0, ${pixels})</arg>
<doc>Executes the given JavaScript code with possible arguments.</doc>
<msg timestamp="20220316 12:04:27.071" level="INFO">No keyword will be run on failure.</msg>
<msg timestamp="20220316 12:04:27.071" level="INFO">No keyword will be run on failure.</msg>
<msg timestamp="20220316 12:04:27.071" level="INFO">No keyword will be run on failure.</msg>
<msg timestamp="20220316 12:04:27.071" level="INFO">No keyword will be run on failure.</msg>
<msg timestamp="20220316 12:04:27.071" level="INFO">No keyword will be run on failure.</msg>
<msg timestamp="20220316 12:04:27.071" level="INFO">No keyword will be run on failure.</msg>
<msg timestamp="20220316 12:04:27.071" level="INFO">No keyword will be run on failure.</msg>
<msg timestamp="20220316 12:04:27.073" level="INFO">Executing JavaScript:
window.scrollBy(0, 200)
Without any arguments.</msg>
<status status="PASS" starttime="20220316 12:04:27.070" endtime="20220316 12:04:27.083"/>
</kw>
<kw name="Sleep" library="BuiltIn">
<arg>500ms</arg>
<doc>Pauses the test executed for the given time.</doc>
<msg timestamp="20220316 12:04:27.585" level="INFO">Slept 500 milliseconds</msg>
<status status="PASS" starttime="20220316 12:04:27.084" endtime="20220316 12:04:27.585"/>
</kw>
<kw name="Hide distracting UI elements">
<kw name="Create List" library="BuiltIn">
<var>@{locators}</var>
<arg>header</arg>
<arg>\#layers &gt; div</arg>
<arg>nav</arg>
<arg>div[data-testid="primaryColumn"] &gt; div &gt; div</arg>
<arg>div[data-testid="sidebarColumn"]</arg>
<arg>div[data-testid="inlinePrompt"]</arg>
<arg>div[data-testid="sheetDialog"]</arg>
<doc>Returns a list containing given items.</doc>
<msg timestamp="20220316 12:04:27.589" level="INFO">@{locators} = [ header | #layers &gt; div | nav | div[data-testid="primaryColumn"] &gt; div &gt; div | div[data-testid="sidebarColumn"] | div[data-testid="inlinePrompt"] | div[data-testid="sheetDialog"] ]</msg>
<status status="PASS" starttime="20220316 12:04:27.587" endtime="20220316 12:04:27.589"/>
</kw>
<for flavor="IN">
<var>${locator}</var>
<value>@{locators}</value>
<iter>
<var name="${locator}">header</var>
<kw name="Hide element">
<arg>${locator}</arg>
<kw name="Mute Run On Failure" library="RPA.RobotLogListener">
<arg>Execute Javascript</arg>
<doc>Set keywords which should not execute `SeleniumLibrary`
default behaviour of running keyword on failure.</doc>
<kw name="Get Library Instance" library="BuiltIn">
<arg>RPA.Browser</arg>
<doc>Returns the currently active instance of the specified test library.</doc>
<msg timestamp="20220316 12:04:27.599" level="FAIL">No library 'RPA.Browser' found.</msg>
<status status="FAIL" starttime="20220316 12:04:27.595" endtime="20220316 12:04:27.600"/>
</kw>
<kw name="Get Library Instance" library="BuiltIn">
<arg>RPA.Browser.Selenium</arg>
<doc>Returns the currently active instance of the specified test library.</doc>
<status status="PASS" starttime="20220316 12:04:27.601" endtime="20220316 12:04:27.602"/>
</kw>
<status status="PASS" starttime="20220316 12:04:27.593" endtime="20220316 12:04:27.603"/>
</kw>
<kw name="Run Keyword And Ignore Error" library="BuiltIn">
<arg>Execute Javascript</arg>
<arg>document.querySelector('${locator}').style.display = 'none'</arg>
<doc>Runs the given keyword with the given arguments and ignores possible error.</doc>
<kw name="Execute Javascript" library="RPA.Browser.Selenium">
<arg>document.querySelector('${locator}').style.display = 'none'</arg>
<doc>Executes the given JavaScript code with possible arguments.</doc>
<msg timestamp="20220316 12:04:27.606" level="INFO">No keyword will be run on failure.</msg>
<msg timestamp="20220316 12:04:27.606" level="INFO">No keyword will be run on failure.</msg>
<msg timestamp="20220316 12:04:27.606" level="INFO">No keyword will be run on failure.</msg>
<msg timestamp="20220316 12:04:27.606" level="INFO">No keyword will be run on failure.</msg>
<msg timestamp="20220316 12:04:27.606" level="INFO">No keyword will be run on failure.</msg>
<msg timestamp="20220316 12:04:27.606" level="INFO">No keyword will be run on failure.</msg>
<msg timestamp="20220316 12:04:27.607" level="INFO">No keyword will be run on failure.</msg>
<msg timestamp="20220316 12:04:27.607" level="INFO">No keyword will be run on failure.</msg>
<msg timestamp="20220316 12:04:27.612" level="INFO">Executing JavaScript:
document.querySelector('header').style.display = 'none'
Without any arguments.</msg>
<status status="PASS" starttime="20220316 12:04:27.605" endtime="20220316 12:04:27.621"/>
</kw>
<status status="PASS" starttime="20220316 12:04:27.604" endtime="20220316 12:04:27.622"/>
</kw>
<status status="PASS" starttime="20220316 12:04:27.590" endtime="20220316 12:04:27.622"/>
</kw>
<status status="PASS" starttime="20220316 12:04:27.590" endtime="20220316 12:04:27.623"/>
</iter>
<iter>
<var name="${locator}">#layers &gt; div</var>
<kw name="Hide element">
<arg>${locator}</arg>
<kw name="Mute Run On Failure" library="RPA.RobotLogListener">
<arg>Execute Javascript</arg>
<doc>Set keywords which should not execute `SeleniumLibrary`
default behaviour of running keyword on failure.</doc>
<kw name="Get Library Instance" library="BuiltIn">
<arg>RPA.Browser</arg>
<doc>Returns the currently active instance of the specified test library.</doc>
<msg timestamp="20220316 12:04:27.631" level="FAIL">No library 'RPA.Browser' found.</msg>
<status status="FAIL" starttime="20220316 12:04:27.628" endtime="20220316 12:04:27.632"/>
</kw>
<kw name="Get Library Instance" library="BuiltIn">
<arg>RPA.Browser.Selenium</arg>
<doc>Returns the currently active instance of the specified test library.</doc>
<status status="PASS" starttime="20220316 12:04:27.632" endtime="20220316 12:04:27.634"/>
</kw>
<status status="PASS" starttime="20220316 12:04:27.626" endtime="20220316 12:04:27.634"/>
</kw>
<kw name="Run Keyword And Ignore Error" library="BuiltIn">
<arg>Execute Javascript</arg>
<arg>document.querySelector('${locator}').style.display = 'none'</arg>
<doc>Runs the given keyword with the given arguments and ignores possible error.</doc>
<kw name="Execute Javascript" library="RPA.Browser.Selenium">
<arg>document.querySelector('${locator}').style.display = 'none'</arg>
<doc>Executes the given JavaScript code with possible arguments.</doc>
<msg timestamp="20220316 12:04:27.636" level="INFO">No keyword will be run on failure.</msg>
<msg timestamp="20220316 12:04:27.637" level="INFO">No keyword will be run on failure.</msg>
<msg timestamp="20220316 12:04:27.637" level="INFO">No keyword will be run on failure.</msg>
<msg timestamp="20220316 12:04:27.637" level="INFO">No keyword will be run on failure.</msg>
<msg timestamp="20220316 12:04:27.637" level="INFO">No keyword will be run on failure.</msg>
<msg timestamp="20220316 12:04:27.637" level="INFO">No keyword will be run on failure.</msg>
<msg timestamp="20220316 12:04:27.637" level="INFO">No keyword will be run on failure.</msg>
<msg timestamp="20220316 12:04:27.637" level="INFO">No keyword will be run on failure.</msg>
<msg timestamp="20220316 12:04:27.637" level="INFO">No keyword will be run on failure.</msg>
<msg timestamp="20220316 12:04:27.639" level="INFO">Executing JavaScript:
document.querySelector('#layers &gt; div').style.display = 'none'
Without any arguments.</msg>
<status status="PASS" starttime="20220316 12:04:27.636" endtime="20220316 12:04:27.649"/>
</kw>
<status status="PASS" starttime="20220316 12:04:27.635" endtime="20220316 12:04:27.651"/>
</kw>
<status status="PASS" starttime="20220316 12:04:27.624" endtime="20220316 12:04:27.652"/>
</kw>
<status status="PASS" starttime="20220316 12:04:27.623" endtime="20220316 12:04:27.652"/>
</iter>
<iter>
<var name="${locator}">nav</var>
<kw name="Hide element">
<arg>${locator}</arg>
<kw name="Mute Run On Failure" library="RPA.RobotLogListener">
<arg>Execute Javascript</arg>
<doc>Set keywords which should not execute `SeleniumLibrary`
default behaviour of running keyword on failure.</doc>
<kw name="Get Library Instance" library="BuiltIn">
<arg>RPA.Browser</arg>
<doc>Returns the currently active instance of the specified test library.</doc>
<msg timestamp="20220316 12:04:27.660" level="FAIL">No library 'RPA.Browser' found.</msg>
<status status="FAIL" starttime="20220316 12:04:27.658" endtime="20220316 12:04:27.661"/>
</kw>
<kw name="Get Library Instance" library="BuiltIn">
<arg>RPA.Browser.Selenium</arg>
<doc>Returns the currently active instance of the specified test library.</doc>
<status status="PASS" starttime="20220316 12:04:27.661" endtime="20220316 12:04:27.662"/>
</kw>
<status status="PASS" starttime="20220316 12:04:27.657" endtime="20220316 12:04:27.663"/>
</kw>
<kw name="Run Keyword And Ignore Error" library="BuiltIn">
<arg>Execute Javascript</arg>
<arg>document.querySelector('${locator}').style.display = 'none'</arg>
<doc>Runs the given keyword with the given arguments and ignores possible error.</doc>
<kw name="Execute Javascript" library="RPA.Browser.Selenium">
<arg>document.querySelector('${locator}').style.display = 'none'</arg>
<doc>Executes the given JavaScript code with possible arguments.</doc>
<msg timestamp="20220316 12:04:27.666" level="INFO">No keyword will be run on failure.</msg>
<msg timestamp="20220316 12:04:27.667" level="INFO">No keyword will be run on failure.</msg>
<msg timestamp="20220316 12:04:27.667" level="INFO">No keyword will be run on failure.</msg>
<msg timestamp="20220316 12:04:27.667" level="INFO">No keyword will be run on failure.</msg>
<msg timestamp="20220316 12:04:27.667" level="INFO">No keyword will be run on failure.</msg>
<msg timestamp="20220316 12:04:27.667" level="INFO">No keyword will be run on failure.</msg>
<msg timestamp="20220316 12:04:27.668" level="INFO">No keyword will be run on failure.</msg>
<msg timestamp="20220316 12:04:27.668" level="INFO">No keyword will be run on failure.</msg>
<msg timestamp="20220316 12:04:27.668" level="INFO">No keyword will be run on failure.</msg>
<msg timestamp="20220316 12:04:27.668" level="INFO">No keyword will be run on failure.</msg>
<msg timestamp="20220316 12:04:27.671" level="INFO">Executing JavaScript:
document.querySelector('nav').style.display = 'none'
Without any arguments.</msg>
<status status="PASS" starttime="20220316 12:04:27.666" endtime="20220316 12:04:27.682"/>
</kw>
<status status="PASS" starttime="20220316 12:04:27.664" endtime="20220316 12:04:27.683"/>
</kw>
<status status="PASS" starttime="20220316 12:04:27.654" endtime="20220316 12:04:27.684"/>
</kw>
<status status="PASS" starttime="20220316 12:04:27.653" endtime="20220316 12:04:27.684"/>
</iter>
<iter>
<var name="${locator}">div[data-testid="primaryColumn"] &gt; div &gt; div</var>
<kw name="Hide element">
<arg>${locator}</arg>
<kw name="Mute Run On Failure" library="RPA.RobotLogListener">
<arg>Execute Javascript</arg>
<doc>Set keywords which should not execute `SeleniumLibrary`
default behaviour of running keyword on failure.</doc>
<kw name="Get Library Instance" library="BuiltIn">
<arg>RPA.Browser</arg>
<doc>Returns the currently active instance of the specified test library.</doc>
<msg timestamp="20220316 12:04:27.690" level="FAIL">No library 'RPA.Browser' found.</msg>
<status status="FAIL" starttime="20220316 12:04:27.688" endtime="20220316 12:04:27.690"/>
</kw>
<kw name="Get Library Instance" library="BuiltIn">
<arg>RPA.Browser.Selenium</arg>
<doc>Returns the currently active instance of the specified test library.</doc>
<status status="PASS" starttime="20220316 12:04:27.692" endtime="20220316 12:04:27.693"/>
</kw>
<status status="PASS" starttime="20220316 12:04:27.686" endtime="20220316 12:04:27.694"/>
</kw>
<kw name="Run Keyword And Ignore Error" library="BuiltIn">
<arg>Execute Javascript</arg>
<arg>document.querySelector('${locator}').style.display = 'none'</arg>
<doc>Runs the given keyword with the given arguments and ignores possible error.</doc>
<kw name="Execute Javascript" library="RPA.Browser.Selenium">
<arg>document.querySelector('${locator}').style.display = 'none'</arg>
<doc>Executes the given JavaScript code with possible arguments.</doc>
<msg timestamp="20220316 12:04:27.696" level="INFO">No keyword will be run on failure.</msg>
<msg timestamp="20220316 12:04:27.696" level="INFO">No keyword will be run on failure.</msg>
<msg timestamp="20220316 12:04:27.696" level="INFO">No keyword will be run on failure.</msg>
<msg timestamp="20220316 12:04:27.696" level="INFO">No keyword will be run on failure.</msg>
<msg timestamp="20220316 12:04:27.696" level="INFO">No keyword will be run on failure.</msg>
<msg timestamp="20220316 12:04:27.697" level="INFO">No keyword will be run on failure.</msg>
<msg timestamp="20220316 12:04:27.697" level="INFO">No keyword will be run on failure.</msg>
<msg timestamp="20220316 12:04:27.697" level="INFO">No keyword will be run on failure.</msg>
<msg timestamp="20220316 12:04:27.697" level="INFO">No keyword will be run on failure.</msg>
<msg timestamp="20220316 12:04:27.697" level="INFO">No keyword will be run on failure.</msg>
<msg timestamp="20220316 12:04:27.697" level="INFO">No keyword will be run on failure.</msg>
<msg timestamp="20220316 12:04:27.699" level="INFO">Executing JavaScript:
document.querySelector('div[data-testid="primaryColumn"] &gt; div &gt; div').style.display = 'none'
Without any arguments.</msg>
<status status="PASS" starttime="20220316 12:04:27.696" endtime="20220316 12:04:27.712"/>
</kw>
<status status="PASS" starttime="20220316 12:04:27.694" endtime="20220316 12:04:27.713"/>
</kw>
<status status="PASS" starttime="20220316 12:04:27.685" endtime="20220316 12:04:27.713"/>
</kw>
<status status="PASS" starttime="20220316 12:04:27.684" endtime="20220316 12:04:27.715"/>
</iter>
<iter>
<var name="${locator}">div[data-testid="sidebarColumn"]</var>
<kw name="Hide element">
<arg>${locator}</arg>
<kw name="Mute Run On Failure" library="RPA.RobotLogListener">
<arg>Execute Javascript</arg>
<doc>Set keywords which should not execute `SeleniumLibrary`
default behaviour of running keyword on failure.</doc>
<kw name="Get Library Instance" library="BuiltIn">
<arg>RPA.Browser</arg>
<doc>Returns the currently active instance of the specified test library.</doc>
<msg timestamp="20220316 12:04:27.723" level="FAIL">No library 'RPA.Browser' found.</msg>
<status status="FAIL" starttime="20220316 12:04:27.720" endtime="20220316 12:04:27.724"/>
</kw>
<kw name="Get Library Instance" library="BuiltIn">
<arg>RPA.Browser.Selenium</arg>
<doc>Returns the currently active instance of the specified test library.</doc>
<status status="PASS" starttime="20220316 12:04:27.725" endtime="20220316 12:04:27.726"/>
</kw>
<status status="PASS" starttime="20220316 12:04:27.719" endtime="20220316 12:04:27.726"/>
</kw>
<kw name="Run Keyword And Ignore Error" library="BuiltIn">
<arg>Execute Javascript</arg>
<arg>document.querySelector('${locator}').style.display = 'none'</arg>
<doc>Runs the given keyword with the given arguments and ignores possible error.</doc>
<kw name="Execute Javascript" library="RPA.Browser.Selenium">
<arg>document.querySelector('${locator}').style.display = 'none'</arg>
<doc>Executes the given JavaScript code with possible arguments.</doc>
<msg timestamp="20220316 12:04:27.729" level="INFO">No keyword will be run on failure.</msg>
<msg timestamp="20220316 12:04:27.729" level="INFO">No keyword will be run on failure.</msg>
<msg timestamp="20220316 12:04:27.729" level="INFO">No keyword will be run on failure.</msg>
<msg timestamp="20220316 12:04:27.729" level="INFO">No keyword will be run on failure.</msg>
<msg timestamp="20220316 12:04:27.729" level="INFO">No keyword will be run on failure.</msg>
<msg timestamp="20220316 12:04:27.730" level="INFO">No keyword will be run on failure.</msg>
<msg timestamp="20220316 12:04:27.730" level="INFO">No keyword will be run on failure.</msg>
<msg timestamp="20220316 12:04:27.730" level="INFO">No keyword will be run on failure.</msg>
<msg timestamp="20220316 12:04:27.730" level="INFO">No keyword will be run on failure.</msg>
<msg timestamp="20220316 12:04:27.730" level="INFO">No keyword will be run on failure.</msg>
<msg timestamp="20220316 12:04:27.730" level="INFO">No keyword will be run on failure.</msg>
<msg timestamp="20220316 12:04:27.730" level="INFO">No keyword will be run on failure.</msg>
<msg timestamp="20220316 12:04:27.733" level="INFO">Executing JavaScript:
document.querySelector('div[data-testid="sidebarColumn"]').style.display = 'none'
Without any arguments.</msg>
<status status="PASS" starttime="20220316 12:04:27.729" endtime="20220316 12:04:27.744"/>
</kw>
<status status="PASS" starttime="20220316 12:04:27.727" endtime="20220316 12:04:27.744"/>
</kw>
<status status="PASS" starttime="20220316 12:04:27.716" endtime="20220316 12:04:27.745"/>
</kw>
<status status="PASS" starttime="20220316 12:04:27.716" endtime="20220316 12:04:27.746"/>
</iter>
<iter>
<var name="${locator}">div[data-testid="inlinePrompt"]</var>
<kw name="Hide element">
<arg>${locator}</arg>
<kw name="Mute Run On Failure" library="RPA.RobotLogListener">
<arg>Execute Javascript</arg>
<doc>Set keywords which should not execute `SeleniumLibrary`
default behaviour of running keyword on failure.</doc>
<kw name="Get Library Instance" library="BuiltIn">
<arg>RPA.Browser</arg>
<doc>Returns the currently active instance of the specified test library.</doc>
<msg timestamp="20220316 12:04:27.752" level="FAIL">No library 'RPA.Browser' found.</msg>
<status status="FAIL" starttime="20220316 12:04:27.750" endtime="20220316 12:04:27.752"/>
</kw>
<kw name="Get Library Instance" library="BuiltIn">
<arg>RPA.Browser.Selenium</arg>
<doc>Returns the currently active instance of the specified test library.</doc>
<status status="PASS" starttime="20220316 12:04:27.754" endtime="20220316 12:04:27.755"/>
</kw>
<status status="PASS" starttime="20220316 12:04:27.748" endtime="20220316 12:04:27.756"/>
</kw>
<kw name="Run Keyword And Ignore Error" library="BuiltIn">
<arg>Execute Javascript</arg>
<arg>document.querySelector('${locator}').style.display = 'none'</arg>
<doc>Runs the given keyword with the given arguments and ignores possible error.</doc>
<kw name="Execute Javascript" library="RPA.Browser.Selenium">
<arg>document.querySelector('${locator}').style.display = 'none'</arg>
<doc>Executes the given JavaScript code with possible arguments.</doc>
<msg timestamp="20220316 12:04:27.757" level="INFO">No keyword will be run on failure.</msg>
<msg timestamp="20220316 12:04:27.757" level="INFO">No keyword will be run on failure.</msg>
<msg timestamp="20220316 12:04:27.757" level="INFO">No keyword will be run on failure.</msg>
<msg timestamp="20220316 12:04:27.757" level="INFO">No keyword will be run on failure.</msg>
<msg timestamp="20220316 12:04:27.758" level="INFO">No keyword will be run on failure.</msg>
<msg timestamp="20220316 12:04:27.758" level="INFO">No keyword will be run on failure.</msg>
<msg timestamp="20220316 12:04:27.758" level="INFO">No keyword will be run on failure.</msg>
<msg timestamp="20220316 12:04:27.758" level="INFO">No keyword will be run on failure.</msg>
<msg timestamp="20220316 12:04:27.758" level="INFO">No keyword will be run on failure.</msg>
<msg timestamp="20220316 12:04:27.758" level="INFO">No keyword will be run on failure.</msg>
<msg timestamp="20220316 12:04:27.758" level="INFO">No keyword will be run on failure.</msg>
<msg timestamp="20220316 12:04:27.758" level="INFO">No keyword will be run on failure.</msg>
<msg timestamp="20220316 12:04:27.759" level="INFO">No keyword will be run on failure.</msg>
<msg timestamp="20220316 12:04:27.761" level="INFO">Executing JavaScript:
document.querySelector('div[data-testid="inlinePrompt"]').style.display = 'none'
Without any arguments.</msg>
<msg timestamp="20220316 12:04:27.776" level="FAIL">JavascriptException: Message: javascript error: Cannot read properties of null (reading 'style')
  (Session info: chrome=99.0.4844.51)
</msg>
<status status="FAIL" starttime="20220316 12:04:27.757" endtime="20220316 12:04:27.776"/>
</kw>
<status status="PASS" starttime="20220316 12:04:27.756" endtime="20220316 12:04:27.777"/>
</kw>
<status status="PASS" starttime="20220316 12:04:27.747" endtime="20220316 12:04:27.778"/>
</kw>
<status status="PASS" starttime="20220316 12:04:27.746" endtime="20220316 12:04:27.778"/>
</iter>
<iter>
<var name="${locator}">div[data-testid="sheetDialog"]</var>
<kw name="Hide element">
<arg>${locator}</arg>
<kw name="Mute Run On Failure" library="RPA.RobotLogListener">
<arg>Execute Javascript</arg>
<doc>Set keywords which should not execute `SeleniumLibrary`
default behaviour of running keyword on failure.</doc>
<kw name="Get Library Instance" library="BuiltIn">
<arg>RPA.Browser</arg>
<doc>Returns the currently active instance of the specified test library.</doc>
<msg timestamp="20220316 12:04:27.785" level="FAIL">No library 'RPA.Browser' found.</msg>
<status status="FAIL" starttime="20220316 12:04:27.782" endtime="20220316 12:04:27.786"/>
</kw>
<kw name="Get Library Instance" library="BuiltIn">
<arg>RPA.Browser.Selenium</arg>
<doc>Returns the currently active instance of the specified test library.</doc>
<status status="PASS" starttime="20220316 12:04:27.787" endtime="20220316 12:04:27.788"/>
</kw>
<status status="PASS" starttime="20220316 12:04:27.781" endtime="20220316 12:04:27.789"/>
</kw>
<kw name="Run Keyword And Ignore Error" library="BuiltIn">
<arg>Execute Javascript</arg>
<arg>document.querySelector('${locator}').style.display = 'none'</arg>
<doc>Runs the given keyword with the given arguments and ignores possible error.</doc>
<kw name="Execute Javascript" library="RPA.Browser.Selenium">
<arg>document.querySelector('${locator}').style.display = 'none'</arg>
<doc>Executes the given JavaScript code with possible arguments.</doc>
<msg timestamp="20220316 12:04:27.793" level="INFO">No keyword will be run on failure.</msg>
<msg timestamp="20220316 12:04:27.793" level="INFO">No keyword will be run on failure.</msg>
<msg timestamp="20220316 12:04:27.793" level="INFO">No keyword will be run on failure.</msg>
<msg timestamp="20220316 12:04:27.793" level="INFO">No keyword will be run on failure.</msg>
<msg timestamp="20220316 12:04:27.793" level="INFO">No keyword will be run on failure.</msg>
<msg timestamp="20220316 12:04:27.793" level="INFO">No keyword will be run on failure.</msg>
<msg timestamp="20220316 12:04:27.793" level="INFO">No keyword will be run on failure.</msg>
<msg timestamp="20220316 12:04:27.793" level="INFO">No keyword will be run on failure.</msg>
<msg timestamp="20220316 12:04:27.793" level="INFO">No keyword will be run on failure.</msg>
<msg timestamp="20220316 12:04:27.795" level="INFO">No keyword will be run on failure.</msg>
<msg timestamp="20220316 12:04:27.795" level="INFO">No keyword will be run on failure.</msg>
<msg timestamp="20220316 12:04:27.795" level="INFO">No keyword will be run on failure.</msg>
<msg timestamp="20220316 12:04:27.795" level="INFO">No keyword will be run on failure.</msg>
<msg timestamp="20220316 12:04:27.795" level="INFO">No keyword will be run on failure.</msg>
<msg timestamp="20220316 12:04:27.797" level="INFO">Executing JavaScript:
document.querySelector('div[data-testid="sheetDialog"]').style.display = 'none'
Without any arguments.</msg>
<msg timestamp="20220316 12:04:27.814" level="FAIL">JavascriptException: Message: javascript error: Cannot read properties of null (reading 'style')
  (Session info: chrome=99.0.4844.51)
</msg>
<status status="FAIL" starttime="20220316 12:04:27.793" endtime="20220316 12:04:27.815"/>
</kw>
<status status="PASS" starttime="20220316 12:04:27.790" endtime="20220316 12:04:27.815"/>
</kw>
<status status="PASS" starttime="20220316 12:04:27.779" endtime="20220316 12:04:27.817"/>
</kw>
<status status="PASS" starttime="20220316 12:04:27.779" endtime="20220316 12:04:27.817"/>
</iter>
<status status="PASS" starttime="20220316 12:04:27.589" endtime="20220316 12:04:27.818"/>
</for>
<status status="PASS" starttime="20220316 12:04:27.586" endtime="20220316 12:04:27.819"/>
</kw>
<status status="PASS" starttime="20220316 12:04:27.070" endtime="20220316 12:04:27.819"/>
</iter>
<iter>
<var name="${pixels}">400</var>
<kw name="Execute Javascript" library="RPA.Browser.Selenium">
<arg>window.scrollBy(0, ${pixels})</arg>
<doc>Executes the given JavaScript code with possible arguments.</doc>
<msg timestamp="20220316 12:04:27.821" level="INFO">No keyword will be run on failure.</msg>
<msg timestamp="20220316 12:04:27.821" level="INFO">No keyword will be run on failure.</msg>
<msg timestamp="20220316 12:04:27.821" level="INFO">No keyword will be run on failure.</msg>
<msg timestamp="20220316 12:04:27.821" level="INFO">No keyword will be run on failure.</msg>
<msg timestamp="20220316 12:04:27.823" level="INFO">No keyword will be run on failure.</msg>
<msg timestamp="20220316 12:04:27.823" level="INFO">No keyword will be run on failure.</msg>
<msg timestamp="20220316 12:04:27.823" level="INFO">No keyword will be run on failure.</msg>
<msg timestamp="20220316 12:04:27.823" level="INFO">No keyword will be run on failure.</msg>
<msg timestamp="20220316 12:04:27.823" level="INFO">No keyword will be run on failure.</msg>
<msg timestamp="20220316 12:04:27.823" level="INFO">No keyword will be run on failure.</msg>
<msg timestamp="20220316 12:04:27.823" level="INFO">No keyword will be run on failure.</msg>
<msg timestamp="20220316 12:04:27.823" level="INFO">No keyword will be run on failure.</msg>
<msg timestamp="20220316 12:04:27.823" level="INFO">No keyword will be run on failure.</msg>
<msg timestamp="20220316 12:04:27.824" level="INFO">No keyword will be run on failure.</msg>
<msg timestamp="20220316 12:04:27.825" level="INFO">Executing JavaScript:
window.scrollBy(0, 400)
Without any arguments.</msg>
<status status="PASS" starttime="20220316 12:04:27.821" endtime="20220316 12:04:27.839"/>
</kw>
<kw name="Sleep" library="BuiltIn">
<arg>500ms</arg>
<doc>Pauses the test executed for the given time.</doc>
<msg timestamp="20220316 12:04:28.342" level="INFO">Slept 500 milliseconds</msg>
<status status="PASS" starttime="20220316 12:04:27.840" endtime="20220316 12:04:28.343"/>
</kw>
<kw name="Hide distracting UI elements">
<kw name="Create List" library="BuiltIn">
<var>@{locators}</var>
<arg>header</arg>
<arg>\#layers &gt; div</arg>
<arg>nav</arg>
<arg>div[data-testid="primaryColumn"] &gt; div &gt; div</arg>
<arg>div[data-testid="sidebarColumn"]</arg>
<arg>div[data-testid="inlinePrompt"]</arg>
<arg>div[data-testid="sheetDialog"]</arg>
<doc>Returns a list containing given items.</doc>
<msg timestamp="20220316 12:04:28.347" level="INFO">@{locators} = [ header | #layers &gt; div | nav | div[data-testid="primaryColumn"] &gt; div &gt; div | div[data-testid="sidebarColumn"] | div[data-testid="inlinePrompt"] | div[data-testid="sheetDialog"] ]</msg>
<status status="PASS" starttime="20220316 12:04:28.345" endtime="20220316 12:04:28.348"/>
</kw>
<for flavor="IN">
<var>${locator}</var>
<value>@{locators}</value>
<iter>
<var name="${locator}">header</var>
<kw name="Hide element">
<arg>${locator}</arg>
<kw name="Mute Run On Failure" library="RPA.RobotLogListener">
<arg>Execute Javascript</arg>
<doc>Set keywords which should not execute `SeleniumLibrary`
default behaviour of running keyword on failure.</doc>
<kw name="Get Library Instance" library="BuiltIn">
<arg>RPA.Browser</arg>
<doc>Returns the currently active instance of the specified test library.</doc>
<msg timestamp="20220316 12:04:28.359" level="FAIL">No library 'RPA.Browser' found.</msg>
<status status="FAIL" starttime="20220316 12:04:28.354" endtime="20220316 12:04:28.359"/>
</kw>
<kw name="Get Library Instance" library="BuiltIn">
<arg>RPA.Browser.Selenium</arg>
<doc>Returns the currently active instance of the specified test library.</doc>
<status status="PASS" starttime="20220316 12:04:28.360" endtime="20220316 12:04:28.361"/>
</kw>
<status status="PASS" starttime="20220316 12:04:28.353" endtime="20220316 12:04:28.362"/>
</kw>
<kw name="Run Keyword And Ignore Error" library="BuiltIn">
<arg>Execute Javascript</arg>
<arg>document.querySelector('${locator}').style.display = 'none'</arg>
<doc>Runs the given keyword with the given arguments and ignores possible error.</doc>
<kw name="Execute Javascript" library="RPA.Browser.Selenium">
<arg>document.querySelector('${locator}').style.display = 'none'</arg>
<doc>Executes the given JavaScript code with possible arguments.</doc>
<msg timestamp="20220316 12:04:28.365" level="INFO">No keyword will be run on failure.</msg>
<msg timestamp="20220316 12:04:28.365" level="INFO">No keyword will be run on failure.</msg>
<msg timestamp="20220316 12:04:28.366" level="INFO">No keyword will be run on failure.</msg>
<msg timestamp="20220316 12:04:28.366" level="INFO">No keyword will be run on failure.</msg>
<msg timestamp="20220316 12:04:28.366" level="INFO">No keyword will be run on failure.</msg>
<msg timestamp="20220316 12:04:28.366" level="INFO">No keyword will be run on failure.</msg>
<msg timestamp="20220316 12:04:28.366" level="INFO">No keyword will be run on failure.</msg>
<msg timestamp="20220316 12:04:28.366" level="INFO">No keyword will be run on failure.</msg>
<msg timestamp="20220316 12:04:28.366" level="INFO">No keyword will be run on failure.</msg>
<msg timestamp="20220316 12:04:28.367" level="INFO">No keyword will be run on failure.</msg>
<msg timestamp="20220316 12:04:28.367" level="INFO">No keyword will be run on failure.</msg>
<msg timestamp="20220316 12:04:28.367" level="INFO">No keyword will be run on failure.</msg>
<msg timestamp="20220316 12:04:28.367" level="INFO">No keyword will be run on failure.</msg>
<msg timestamp="20220316 12:04:28.367" level="INFO">No keyword will be run on failure.</msg>
<msg timestamp="20220316 12:04:28.368" level="INFO">No keyword will be run on failure.</msg>
<msg timestamp="20220316 12:04:28.370" level="INFO">Executing JavaScript:
document.querySelector('header').style.display = 'none'
Without any arguments.</msg>
<status status="PASS" starttime="20220316 12:04:28.365" endtime="20220316 12:04:28.410"/>
</kw>
<status status="PASS" starttime="20220316 12:04:28.363" endtime="20220316 12:04:28.410"/>
</kw>
<status status="PASS" starttime="20220316 12:04:28.350" endtime="20220316 12:04:28.412"/>
</kw>
<status status="PASS" starttime="20220316 12:04:28.349" endtime="20220316 12:04:28.412"/>
</iter>
<iter>
<var name="${locator}">#layers &gt; div</var>
<kw name="Hide element">
<arg>${locator}</arg>
<kw name="Mute Run On Failure" library="RPA.RobotLogListener">
<arg>Execute Javascript</arg>
<doc>Set keywords which should not execute `SeleniumLibrary`
default behaviour of running keyword on failure.</doc>
<kw name="Get Library Instance" library="BuiltIn">
<arg>RPA.Browser</arg>
<doc>Returns the currently active instance of the specified test library.</doc>
<msg timestamp="20220316 12:04:28.418" level="FAIL">No library 'RPA.Browser' found.</msg>
<status status="FAIL" starttime="20220316 12:04:28.416" endtime="20220316 12:04:28.418"/>
</kw>
<kw name="Get Library Instance" library="BuiltIn">
<arg>RPA.Browser.Selenium</arg>
<doc>Returns the currently active instance of the specified test library.</doc>
<status status="PASS" starttime="20220316 12:04:28.418" endtime="20220316 12:04:28.419"/>
</kw>
<status status="PASS" starttime="20220316 12:04:28.415" endtime="20220316 12:04:28.420"/>
</kw>
<kw name="Run Keyword And Ignore Error" library="BuiltIn">
<arg>Execute Javascript</arg>
<arg>document.querySelector('${locator}').style.display = 'none'</arg>
<doc>Runs the given keyword with the given arguments and ignores possible error.</doc>
<kw name="Execute Javascript" library="RPA.Browser.Selenium">
<arg>document.querySelector('${locator}').style.display = 'none'</arg>
<doc>Executes the given JavaScript code with possible arguments.</doc>
<msg timestamp="20220316 12:04:28.422" level="INFO">No keyword will be run on failure.</msg>
<msg timestamp="20220316 12:04:28.422" level="INFO">No keyword will be run on failure.</msg>
<msg timestamp="20220316 12:04:28.422" level="INFO">No keyword will be run on failure.</msg>
<msg timestamp="20220316 12:04:28.422" level="INFO">No keyword will be run on failure.</msg>
<msg timestamp="20220316 12:04:28.422" level="INFO">No keyword will be run on failure.</msg>
<msg timestamp="20220316 12:04:28.422" level="INFO">No keyword will be run on failure.</msg>
<msg timestamp="20220316 12:04:28.423" level="INFO">No keyword will be run on failure.</msg>
<msg timestamp="20220316 12:04:28.423" level="INFO">No keyword will be run on failure.</msg>
<msg timestamp="20220316 12:04:28.423" level="INFO">No keyword will be run on failure.</msg>
<msg timestamp="20220316 12:04:28.423" level="INFO">No keyword will be run on failure.</msg>
<msg timestamp="20220316 12:04:28.423" level="INFO">No keyword will be run on failure.</msg>
<msg timestamp="20220316 12:04:28.423" level="INFO">No keyword will be run on failure.</msg>
<msg timestamp="20220316 12:04:28.423" level="INFO">No keyword will be run on failure.</msg>
<msg timestamp="20220316 12:04:28.423" level="INFO">No keyword will be run on failure.</msg>
<msg timestamp="20220316 12:04:28.423" level="INFO">No keyword will be run on failure.</msg>
<msg timestamp="20220316 12:04:28.423" level="INFO">No keyword will be run on failure.</msg>
<msg timestamp="20220316 12:04:28.426" level="INFO">Executing JavaScript:
document.querySelector('#layers &gt; div').style.display = 'none'
Without any arguments.</msg>
<status status="PASS" starttime="20220316 12:04:28.422" endtime="20220316 12:04:28.437"/>
</kw>
<status status="PASS" starttime="20220316 12:04:28.421" endtime="20220316 12:04:28.437"/>
</kw>
<status status="PASS" starttime="20220316 12:04:28.413" endtime="20220316 12:04:28.439"/>
</kw>
<status status="PASS" starttime="20220316 12:04:28.413" endtime="20220316 12:04:28.440"/>
</iter>
<iter>
<var name="${locator}">nav</var>
<kw name="Hide element">
<arg>${locator}</arg>
<kw name="Mute Run On Failure" library="RPA.RobotLogListener">
<arg>Execute Javascript</arg>
<doc>Set keywords which should not execute `SeleniumLibrary`
default behaviour of running keyword on failure.</doc>
<kw name="Get Library Instance" library="BuiltIn">
<arg>RPA.Browser</arg>
<doc>Returns the currently active instance of the specified test library.</doc>
<msg timestamp="20220316 12:04:28.448" level="FAIL">No library 'RPA.Browser' found.</msg>
<status status="FAIL" starttime="20220316 12:04:28.445" endtime="20220316 12:04:28.449"/>
</kw>
<kw name="Get Library Instance" library="BuiltIn">
<arg>RPA.Browser.Selenium</arg>
<doc>Returns the currently active instance of the specified test library.</doc>
<status status="PASS" starttime="20220316 12:04:28.450" endtime="20220316 12:04:28.452"/>
</kw>
<status status="PASS" starttime="20220316 12:04:28.444" endtime="20220316 12:04:28.453"/>
</kw>
<kw name="Run Keyword And Ignore Error" library="BuiltIn">
<arg>Execute Javascript</arg>
<arg>document.querySelector('${locator}').style.display = 'none'</arg>
<doc>Runs the given keyword with the given arguments and ignores possible error.</doc>
<kw name="Execute Javascript" library="RPA.Browser.Selenium">
<arg>document.querySelector('${locator}').style.display = 'none'</arg>
<doc>Executes the given JavaScript code with possible arguments.</doc>
<msg timestamp="20220316 12:04:28.455" level="INFO">No keyword will be run on failure.</msg>
<msg timestamp="20220316 12:04:28.455" level="INFO">No keyword will be run on failure.</msg>
<msg timestamp="20220316 12:04:28.456" level="INFO">No keyword will be run on failure.</msg>
<msg timestamp="20220316 12:04:28.456" level="INFO">No keyword will be run on failure.</msg>
<msg timestamp="20220316 12:04:28.456" level="INFO">No keyword will be run on failure.</msg>
<msg timestamp="20220316 12:04:28.456" level="INFO">No keyword will be run on failure.</msg>
<msg timestamp="20220316 12:04:28.456" level="INFO">No keyword will be run on failure.</msg>
<msg timestamp="20220316 12:04:28.456" level="INFO">No keyword will be run on failure.</msg>
<msg timestamp="20220316 12:04:28.457" level="INFO">No keyword will be run on failure.</msg>
<msg timestamp="20220316 12:04:28.457" level="INFO">No keyword will be run on failure.</msg>
<msg timestamp="20220316 12:04:28.457" level="INFO">No keyword will be run on failure.</msg>
<msg timestamp="20220316 12:04:28.457" level="INFO">No keyword will be run on failure.</msg>
<msg timestamp="20220316 12:04:28.457" level="INFO">No keyword will be run on failure.</msg>
<msg timestamp="20220316 12:04:28.457" level="INFO">No keyword will be run on failure.</msg>
<msg timestamp="20220316 12:04:28.457" level="INFO">No keyword will be run on failure.</msg>
<msg timestamp="20220316 12:04:28.458" level="INFO">No keyword will be run on failure.</msg>
<msg timestamp="20220316 12:04:28.458" level="INFO">No keyword will be run on failure.</msg>
<msg timestamp="20220316 12:04:28.461" level="INFO">Executing JavaScript:
document.querySelector('nav').style.display = 'none'
Without any arguments.</msg>
<status status="PASS" starttime="20220316 12:04:28.455" endtime="20220316 12:04:28.468"/>
</kw>
<status status="PASS" starttime="20220316 12:04:28.453" endtime="20220316 12:04:28.469"/>
</kw>
<status status="PASS" starttime="20220316 12:04:28.441" endtime="20220316 12:04:28.470"/>
</kw>
<status status="PASS" starttime="20220316 12:04:28.440" endtime="20220316 12:04:28.471"/>
</iter>
<iter>
<var name="${locator}">div[data-testid="primaryColumn"] &gt; div &gt; div</var>
<kw name="Hide element">
<arg>${locator}</arg>
<kw name="Mute Run On Failure" library="RPA.RobotLogListener">
<arg>Execute Javascript</arg>
<doc>Set keywords which should not execute `SeleniumLibrary`
default behaviour of running keyword on failure.</doc>
<kw name="Get Library Instance" library="BuiltIn">
<arg>RPA.Browser</arg>
<doc>Returns the currently active instance of the specified test library.</doc>
<msg timestamp="20220316 12:04:28.479" level="FAIL">No library 'RPA.Browser' found.</msg>
<status status="FAIL" starttime="20220316 12:04:28.476" endtime="20220316 12:04:28.480"/>
</kw>
<kw name="Get Library Instance" library="BuiltIn">
<arg>RPA.Browser.Selenium</arg>
<doc>Returns the currently active instance of the specified test library.</doc>
<status status="PASS" starttime="20220316 12:04:28.481" endtime="20220316 12:04:28.482"/>
</kw>
<status status="PASS" starttime="20220316 12:04:28.474" endtime="20220316 12:04:28.483"/>
</kw>
<kw name="Run Keyword And Ignore Error" library="BuiltIn">
<arg>Execute Javascript</arg>
<arg>document.querySelector('${locator}').style.display = 'none'</arg>
<doc>Runs the given keyword with the given arguments and ignores possible error.</doc>
<kw name="Execute Javascript" library="RPA.Browser.Selenium">
<arg>document.querySelector('${locator}').style.display = 'none'</arg>
<doc>Executes the given JavaScript code with possible arguments.</doc>
<msg timestamp="20220316 12:04:28.486" level="INFO">No keyword will be run on failure.</msg>
<msg timestamp="20220316 12:04:28.486" level="INFO">No keyword will be run on failure.</msg>
<msg timestamp="20220316 12:04:28.486" level="INFO">No keyword will be run on failure.</msg>
<msg timestamp="20220316 12:04:28.486" level="INFO">No keyword will be run on failure.</msg>
<msg timestamp="20220316 12:04:28.487" level="INFO">No keyword will be run on failure.</msg>
<msg timestamp="20220316 12:04:28.487" level="INFO">No keyword will be run on failure.</msg>
<msg timestamp="20220316 12:04:28.487" level="INFO">No keyword will be run on failure.</msg>
<msg timestamp="20220316 12:04:28.487" level="INFO">No keyword will be run on failure.</msg>
<msg timestamp="20220316 12:04:28.487" level="INFO">No keyword will be run on failure.</msg>
<msg timestamp="20220316 12:04:28.487" level="INFO">No keyword will be run on failure.</msg>
<msg timestamp="20220316 12:04:28.487" level="INFO">No keyword will be run on failure.</msg>
<msg timestamp="20220316 12:04:28.488" level="INFO">No keyword will be run on failure.</msg>
<msg timestamp="20220316 12:04:28.488" level="INFO">No keyword will be run on failure.</msg>
<msg timestamp="20220316 12:04:28.488" level="INFO">No keyword will be run on failure.</msg>
<msg timestamp="20220316 12:04:28.488" level="INFO">No keyword will be run on failure.</msg>
<msg timestamp="20220316 12:04:28.488" level="INFO">No keyword will be run on failure.</msg>
<msg timestamp="20220316 12:04:28.488" level="INFO">No keyword will be run on failure.</msg>
<msg timestamp="20220316 12:04:28.489" level="INFO">No keyword will be run on failure.</msg>
<msg timestamp="20220316 12:04:28.491" level="INFO">Executing JavaScript:
document.querySelector('div[data-testid="primaryColumn"] &gt; div &gt; div').style.display = 'none'
Without any arguments.</msg>
<status status="PASS" starttime="20220316 12:04:28.485" endtime="20220316 12:04:28.502"/>
</kw>
<status status="PASS" starttime="20220316 12:04:28.484" endtime="20220316 12:04:28.503"/>
</kw>
<status status="PASS" starttime="20220316 12:04:28.472" endtime="20220316 12:04:28.504"/>
</kw>
<status status="PASS" starttime="20220316 12:04:28.471" endtime="20220316 12:04:28.504"/>
</iter>
<iter>
<var name="${locator}">div[data-testid="sidebarColumn"]</var>
<kw name="Hide element">
<arg>${locator}</arg>
<kw name="Mute Run On Failure" library="RPA.RobotLogListener">
<arg>Execute Javascript</arg>
<doc>Set keywords which should not execute `SeleniumLibrary`
default behaviour of running keyword on failure.</doc>
<kw name="Get Library Instance" library="BuiltIn">
<arg>RPA.Browser</arg>
<doc>Returns the currently active instance of the specified test library.</doc>
<msg timestamp="20220316 12:04:28.512" level="FAIL">No library 'RPA.Browser' found.</msg>
<status status="FAIL" starttime="20220316 12:04:28.509" endtime="20220316 12:04:28.513"/>
</kw>
<kw name="Get Library Instance" library="BuiltIn">
<arg>RPA.Browser.Selenium</arg>
<doc>Returns the currently active instance of the specified test library.</doc>
<status status="PASS" starttime="20220316 12:04:28.514" endtime="20220316 12:04:28.515"/>
</kw>
<status status="PASS" starttime="20220316 12:04:28.507" endtime="20220316 12:04:28.515"/>
</kw>
<kw name="Run Keyword And Ignore Error" library="BuiltIn">
<arg>Execute Javascript</arg>
<arg>document.querySelector('${locator}').style.display = 'none'</arg>
<doc>Runs the given keyword with the given arguments and ignores possible error.</doc>
<kw name="Execute Javascript" library="RPA.Browser.Selenium">
<arg>document.querySelector('${locator}').style.display = 'none'</arg>
<doc>Executes the given JavaScript code with possible arguments.</doc>
<msg timestamp="20220316 12:04:28.517" level="INFO">No keyword will be run on failure.</msg>
<msg timestamp="20220316 12:04:28.517" level="INFO">No keyword will be run on failure.</msg>
<msg timestamp="20220316 12:04:28.517" level="INFO">No keyword will be run on failure.</msg>
<msg timestamp="20220316 12:04:28.517" level="INFO">No keyword will be run on failure.</msg>
<msg timestamp="20220316 12:04:28.518" level="INFO">No keyword will be run on failure.</msg>
<msg timestamp="20220316 12:04:28.518" level="INFO">No keyword will be run on failure.</msg>
<msg timestamp="20220316 12:04:28.518" level="INFO">No keyword will be run on failure.</msg>
<msg timestamp="20220316 12:04:28.518" level="INFO">No keyword will be run on failure.</msg>
<msg timestamp="20220316 12:04:28.518" level="INFO">No keyword will be run on failure.</msg>
<msg timestamp="20220316 12:04:28.518" level="INFO">No keyword will be run on failure.</msg>
<msg timestamp="20220316 12:04:28.519" level="INFO">No keyword will be run on failure.</msg>
<msg timestamp="20220316 12:04:28.519" level="INFO">No keyword will be run on failure.</msg>
<msg timestamp="20220316 12:04:28.519" level="INFO">No keyword will be run on failure.</msg>
<msg timestamp="20220316 12:04:28.519" level="INFO">No keyword will be run on failure.</msg>
<msg timestamp="20220316 12:04:28.519" level="INFO">No keyword will be run on failure.</msg>
<msg timestamp="20220316 12:04:28.519" level="INFO">No keyword will be run on failure.</msg>
<msg timestamp="20220316 12:04:28.519" level="INFO">No keyword will be run on failure.</msg>
<msg timestamp="20220316 12:04:28.519" level="INFO">No keyword will be run on failure.</msg>
<msg timestamp="20220316 12:04:28.519" level="INFO">No keyword will be run on failure.</msg>
<msg timestamp="20220316 12:04:28.522" level="INFO">Executing JavaScript:
document.querySelector('div[data-testid="sidebarColumn"]').style.display = 'none'
Without any arguments.</msg>
<status status="PASS" starttime="20220316 12:04:28.517" endtime="20220316 12:04:28.532"/>
</kw>
<status status="PASS" starttime="20220316 12:04:28.516" endtime="20220316 12:04:28.532"/>
</kw>
<status status="PASS" starttime="20220316 12:04:28.505" endtime="20220316 12:04:28.533"/>
</kw>
<status status="PASS" starttime="20220316 12:04:28.505" endtime="20220316 12:04:28.533"/>
</iter>
<iter>
<var name="${locator}">div[data-testid="inlinePrompt"]</var>
<kw name="Hide element">
<arg>${locator}</arg>
<kw name="Mute Run On Failure" library="RPA.RobotLogListener">
<arg>Execute Javascript</arg>
<doc>Set keywords which should not execute `SeleniumLibrary`
default behaviour of running keyword on failure.</doc>
<kw name="Get Library Instance" library="BuiltIn">
<arg>RPA.Browser</arg>
<doc>Returns the currently active instance of the specified test library.</doc>
<msg timestamp="20220316 12:04:28.539" level="FAIL">No library 'RPA.Browser' found.</msg>
<status status="FAIL" starttime="20220316 12:04:28.537" endtime="20220316 12:04:28.539"/>
</kw>
<kw name="Get Library Instance" library="BuiltIn">
<arg>RPA.Browser.Selenium</arg>
<doc>Returns the currently active instance of the specified test library.</doc>
<status status="PASS" starttime="20220316 12:04:28.540" endtime="20220316 12:04:28.541"/>
</kw>
<status status="PASS" starttime="20220316 12:04:28.536" endtime="20220316 12:04:28.541"/>
</kw>
<kw name="Run Keyword And Ignore Error" library="BuiltIn">
<arg>Execute Javascript</arg>
<arg>document.querySelector('${locator}').style.display = 'none'</arg>
<doc>Runs the given keyword with the given arguments and ignores possible error.</doc>
<kw name="Execute Javascript" library="RPA.Browser.Selenium">
<arg>document.querySelector('${locator}').style.display = 'none'</arg>
<doc>Executes the given JavaScript code with possible arguments.</doc>
<msg timestamp="20220316 12:04:28.544" level="INFO">No keyword will be run on failure.</msg>
<msg timestamp="20220316 12:04:28.544" level="INFO">No keyword will be run on failure.</msg>
<msg timestamp="20220316 12:04:28.544" level="INFO">No keyword will be run on failure.</msg>
<msg timestamp="20220316 12:04:28.544" level="INFO">No keyword will be run on failure.</msg>
<msg timestamp="20220316 12:04:28.544" level="INFO">No keyword will be run on failure.</msg>
<msg timestamp="20220316 12:04:28.544" level="INFO">No keyword will be run on failure.</msg>
<msg timestamp="20220316 12:04:28.545" level="INFO">No keyword will be run on failure.</msg>
<msg timestamp="20220316 12:04:28.545" level="INFO">No keyword will be run on failure.</msg>
<msg timestamp="20220316 12:04:28.545" level="INFO">No keyword will be run on failure.</msg>
<msg timestamp="20220316 12:04:28.545" level="INFO">No keyword will be run on failure.</msg>
<msg timestamp="20220316 12:04:28.545" level="INFO">No keyword will be run on failure.</msg>
<msg timestamp="20220316 12:04:28.545" level="INFO">No keyword will be run on failure.</msg>
<msg timestamp="20220316 12:04:28.546" level="INFO">No keyword will be run on failure.</msg>
<msg timestamp="20220316 12:04:28.546" level="INFO">No keyword will be run on failure.</msg>
<msg timestamp="20220316 12:04:28.546" level="INFO">No keyword will be run on failure.</msg>
<msg timestamp="20220316 12:04:28.546" level="INFO">No keyword will be run on failure.</msg>
<msg timestamp="20220316 12:04:28.546" level="INFO">No keyword will be run on failure.</msg>
<msg timestamp="20220316 12:04:28.546" level="INFO">No keyword will be run on failure.</msg>
<msg timestamp="20220316 12:04:28.547" level="INFO">No keyword will be run on failure.</msg>
<msg timestamp="20220316 12:04:28.547" level="INFO">No keyword will be run on failure.</msg>
<msg timestamp="20220316 12:04:28.549" level="INFO">Executing JavaScript:
document.querySelector('div[data-testid="inlinePrompt"]').style.display = 'none'
Without any arguments.</msg>
<msg timestamp="20220316 12:04:28.566" level="FAIL">JavascriptException: Message: javascript error: Cannot read properties of null (reading 'style')
  (Session info: chrome=99.0.4844.51)
</msg>
<status status="FAIL" starttime="20220316 12:04:28.543" endtime="20220316 12:04:28.566"/>
</kw>
<status status="PASS" starttime="20220316 12:04:28.542" endtime="20220316 12:04:28.567"/>
</kw>
<status status="PASS" starttime="20220316 12:04:28.535" endtime="20220316 12:04:28.567"/>
</kw>
<status status="PASS" starttime="20220316 12:04:28.534" endtime="20220316 12:04:28.568"/>
</iter>
<iter>
<var name="${locator}">div[data-testid="sheetDialog"]</var>
<kw name="Hide element">
<arg>${locator}</arg>
<kw name="Mute Run On Failure" library="RPA.RobotLogListener">
<arg>Execute Javascript</arg>
<doc>Set keywords which should not execute `SeleniumLibrary`
default behaviour of running keyword on failure.</doc>
<kw name="Get Library Instance" library="BuiltIn">
<arg>RPA.Browser</arg>
<doc>Returns the currently active instance of the specified test library.</doc>
<msg timestamp="20220316 12:04:28.575" level="FAIL">No library 'RPA.Browser' found.</msg>
<status status="FAIL" starttime="20220316 12:04:28.572" endtime="20220316 12:04:28.575"/>
</kw>
<kw name="Get Library Instance" library="BuiltIn">
<arg>RPA.Browser.Selenium</arg>
<doc>Returns the currently active instance of the specified test library.</doc>
<status status="PASS" starttime="20220316 12:04:28.576" endtime="20220316 12:04:28.577"/>
</kw>
<status status="PASS" starttime="20220316 12:04:28.571" endtime="20220316 12:04:28.577"/>
</kw>
<kw name="Run Keyword And Ignore Error" library="BuiltIn">
<arg>Execute Javascript</arg>
<arg>document.querySelector('${locator}').style.display = 'none'</arg>
<doc>Runs the given keyword with the given arguments and ignores possible error.</doc>
<kw name="Execute Javascript" library="RPA.Browser.Selenium">
<arg>document.querySelector('${locator}').style.display = 'none'</arg>
<doc>Executes the given JavaScript code with possible arguments.</doc>
<msg timestamp="20220316 12:04:28.581" level="INFO">No keyword will be run on failure.</msg>
<msg timestamp="20220316 12:04:28.581" level="INFO">No keyword will be run on failure.</msg>
<msg timestamp="20220316 12:04:28.581" level="INFO">No keyword will be run on failure.</msg>
<msg timestamp="20220316 12:04:28.581" level="INFO">No keyword will be run on failure.</msg>
<msg timestamp="20220316 12:04:28.581" level="INFO">No keyword will be run on failure.</msg>
<msg timestamp="20220316 12:04:28.582" level="INFO">No keyword will be run on failure.</msg>
<msg timestamp="20220316 12:04:28.582" level="INFO">No keyword will be run on failure.</msg>
<msg timestamp="20220316 12:04:28.582" level="INFO">No keyword will be run on failure.</msg>
<msg timestamp="20220316 12:04:28.582" level="INFO">No keyword will be run on failure.</msg>
<msg timestamp="20220316 12:04:28.582" level="INFO">No keyword will be run on failure.</msg>
<msg timestamp="20220316 12:04:28.582" level="INFO">No keyword will be run on failure.</msg>
<msg timestamp="20220316 12:04:28.583" level="INFO">No keyword will be run on failure.</msg>
<msg timestamp="20220316 12:04:28.583" level="INFO">No keyword will be run on failure.</msg>
<msg timestamp="20220316 12:04:28.583" level="INFO">No keyword will be run on failure.</msg>
<msg timestamp="20220316 12:04:28.583" level="INFO">No keyword will be run on failure.</msg>
<msg timestamp="20220316 12:04:28.584" level="INFO">No keyword will be run on failure.</msg>
<msg timestamp="20220316 12:04:28.584" level="INFO">No keyword will be run on failure.</msg>
<msg timestamp="20220316 12:04:28.584" level="INFO">No keyword will be run on failure.</msg>
<msg timestamp="20220316 12:04:28.584" level="INFO">No keyword will be run on failure.</msg>
<msg timestamp="20220316 12:04:28.584" level="INFO">No keyword will be run on failure.</msg>
<msg timestamp="20220316 12:04:28.584" level="INFO">No keyword will be run on failure.</msg>
<msg timestamp="20220316 12:04:28.587" level="INFO">Executing JavaScript:
document.querySelector('div[data-testid="sheetDialog"]').style.display = 'none'
Without any arguments.</msg>
<msg timestamp="20220316 12:04:28.602" level="FAIL">JavascriptException: Message: javascript error: Cannot read properties of null (reading 'style')
  (Session info: chrome=99.0.4844.51)
</msg>
<status status="FAIL" starttime="20220316 12:04:28.580" endtime="20220316 12:04:28.602"/>
</kw>
<status status="PASS" starttime="20220316 12:04:28.578" endtime="20220316 12:04:28.602"/>
</kw>
<status status="PASS" starttime="20220316 12:04:28.569" endtime="20220316 12:04:28.603"/>
</kw>
<status status="PASS" starttime="20220316 12:04:28.568" endtime="20220316 12:04:28.603"/>
</iter>
<status status="PASS" starttime="20220316 12:04:28.348" endtime="20220316 12:04:28.604"/>
</for>
<status status="PASS" starttime="20220316 12:04:28.344" endtime="20220316 12:04:28.605"/>
</kw>
<status status="PASS" starttime="20220316 12:04:27.821" endtime="20220316 12:04:28.605"/>
</iter>
<iter>
<var name="${pixels}">600</var>
<kw name="Execute Javascript" library="RPA.Browser.Selenium">
<arg>window.scrollBy(0, ${pixels})</arg>
<doc>Executes the given JavaScript code with possible arguments.</doc>
<msg timestamp="20220316 12:04:28.607" level="INFO">No keyword will be run on failure.</msg>
<msg timestamp="20220316 12:04:28.607" level="INFO">No keyword will be run on failure.</msg>
<msg timestamp="20220316 12:04:28.607" level="INFO">No keyword will be run on failure.</msg>
<msg timestamp="20220316 12:04:28.607" level="INFO">No keyword will be run on failure.</msg>
<msg timestamp="20220316 12:04:28.607" level="INFO">No keyword will be run on failure.</msg>
<msg timestamp="20220316 12:04:28.607" level="INFO">No keyword will be run on failure.</msg>
<msg timestamp="20220316 12:04:28.607" level="INFO">No keyword will be run on failure.</msg>
<msg timestamp="20220316 12:04:28.607" level="INFO">No keyword will be run on failure.</msg>
<msg timestamp="20220316 12:04:28.607" level="INFO">No keyword will be run on failure.</msg>
<msg timestamp="20220316 12:04:28.607" level="INFO">No keyword will be run on failure.</msg>
<msg timestamp="20220316 12:04:28.608" level="INFO">No keyword will be run on failure.</msg>
<msg timestamp="20220316 12:04:28.608" level="INFO">No keyword will be run on failure.</msg>
<msg timestamp="20220316 12:04:28.608" level="INFO">No keyword will be run on failure.</msg>
<msg timestamp="20220316 12:04:28.608" level="INFO">No keyword will be run on failure.</msg>
<msg timestamp="20220316 12:04:28.608" level="INFO">No keyword will be run on failure.</msg>
<msg timestamp="20220316 12:04:28.608" level="INFO">No keyword will be run on failure.</msg>
<msg timestamp="20220316 12:04:28.608" level="INFO">No keyword will be run on failure.</msg>
<msg timestamp="20220316 12:04:28.608" level="INFO">No keyword will be run on failure.</msg>
<msg timestamp="20220316 12:04:28.608" level="INFO">No keyword will be run on failure.</msg>
<msg timestamp="20220316 12:04:28.608" level="INFO">No keyword will be run on failure.</msg>
<msg timestamp="20220316 12:04:28.609" level="INFO">No keyword will be run on failure.</msg>
<msg timestamp="20220316 12:04:28.611" level="INFO">Executing JavaScript:
window.scrollBy(0, 600)
Without any arguments.</msg>
<status status="PASS" starttime="20220316 12:04:28.606" endtime="20220316 12:04:28.628"/>
</kw>
<kw name="Sleep" library="BuiltIn">
<arg>500ms</arg>
<doc>Pauses the test executed for the given time.</doc>
<msg timestamp="20220316 12:04:29.131" level="INFO">Slept 500 milliseconds</msg>
<status status="PASS" starttime="20220316 12:04:28.629" endtime="20220316 12:04:29.131"/>
</kw>
<kw name="Hide distracting UI elements">
<kw name="Create List" library="BuiltIn">
<var>@{locators}</var>
<arg>header</arg>
<arg>\#layers &gt; div</arg>
<arg>nav</arg>
<arg>div[data-testid="primaryColumn"] &gt; div &gt; div</arg>
<arg>div[data-testid="sidebarColumn"]</arg>
<arg>div[data-testid="inlinePrompt"]</arg>
<arg>div[data-testid="sheetDialog"]</arg>
<doc>Returns a list containing given items.</doc>
<msg timestamp="20220316 12:04:29.136" level="INFO">@{locators} = [ header | #layers &gt; div | nav | div[data-testid="primaryColumn"] &gt; div &gt; div | div[data-testid="sidebarColumn"] | div[data-testid="inlinePrompt"] | div[data-testid="sheetDialog"] ]</msg>
<status status="PASS" starttime="20220316 12:04:29.134" endtime="20220316 12:04:29.136"/>
</kw>
<for flavor="IN">
<var>${locator}</var>
<value>@{locators}</value>
<iter>
<var name="${locator}">header</var>
<kw name="Hide element">
<arg>${locator}</arg>
<kw name="Mute Run On Failure" library="RPA.RobotLogListener">
<arg>Execute Javascript</arg>
<doc>Set keywords which should not execute `SeleniumLibrary`
default behaviour of running keyword on failure.</doc>
<kw name="Get Library Instance" library="BuiltIn">
<arg>RPA.Browser</arg>
<doc>Returns the currently active instance of the specified test library.</doc>
<msg timestamp="20220316 12:04:29.146" level="FAIL">No library 'RPA.Browser' found.</msg>
[...]
<msg timestamp="20220316 12:04:34.029" level="INFO">No keyword will be run on failure.</msg>
<msg timestamp="20220316 12:04:34.029" level="INFO">No keyword will be run on failure.</msg>
<msg timestamp="20220316 12:04:34.030" level="INFO">No keyword will be run on failure.</msg>
<msg timestamp="20220316 12:04:34.030" level="INFO">No keyword will be run on failure.</msg>
<msg timestamp="20220316 12:04:34.030" level="INFO">No keyword will be run on failure.</msg>
<msg timestamp="20220316 12:04:34.030" level="INFO">No keyword will be run on failure.</msg>
<msg timestamp="20220316 12:04:34.030" level="INFO">No keyword will be run on failure.</msg>
<msg timestamp="20220316 12:04:34.030" level="INFO">No keyword will be run on failure.</msg>
<msg timestamp="20220316 12:04:34.030" level="INFO">No keyword will be run on failure.</msg>
<msg timestamp="20220316 12:04:34.030" level="INFO">No keyword will be run on failure.</msg>
<msg timestamp="20220316 12:04:34.030" level="INFO">No keyword will be run on failure.</msg>
<msg timestamp="20220316 12:04:34.030" level="INFO">No keyword will be run on failure.</msg>
<msg timestamp="20220316 12:04:34.030" level="INFO">No keyword will be run on failure.</msg>
<msg timestamp="20220316 12:04:34.030" level="INFO">No keyword will be run on failure.</msg>
<msg timestamp="20220316 12:04:34.031" level="INFO">No keyword will be run on failure.</msg>
<msg timestamp="20220316 12:04:34.031" level="INFO">No keyword will be run on failure.</msg>
<msg timestamp="20220316 12:04:34.031" level="INFO">No keyword will be run on failure.</msg>
<msg timestamp="20220316 12:04:34.031" level="INFO">No keyword will be run on failure.</msg>
<msg timestamp="20220316 12:04:34.031" level="INFO">No keyword will be run on failure.</msg>
<msg timestamp="20220316 12:04:34.031" level="INFO">No keyword will be run on failure.</msg>
<msg timestamp="20220316 12:04:34.031" level="INFO">No keyword will be run on failure.</msg>
<msg timestamp="20220316 12:04:34.031" level="INFO">No keyword will be run on failure.</msg>
<msg timestamp="20220316 12:04:34.031" level="INFO">No keyword will be run on failure.</msg>
<msg timestamp="20220316 12:04:34.031" level="INFO">No keyword will be run on failure.</msg>
<msg timestamp="20220316 12:04:34.031" level="INFO">No keyword will be run on failure.</msg>
<msg timestamp="20220316 12:04:34.031" level="INFO">No keyword will be run on failure.</msg>
<msg timestamp="20220316 12:04:34.032" level="INFO">No keyword will be run on failure.</msg>
<msg timestamp="20220316 12:04:34.032" level="INFO">No keyword will be run on failure.</msg>
<msg timestamp="20220316 12:04:34.032" level="INFO">No keyword will be run on failure.</msg>
<msg timestamp="20220316 12:04:34.032" level="INFO">No keyword will be run on failure.</msg>
<msg timestamp="20220316 12:04:34.032" level="INFO">No keyword will be run on failure.</msg>
<msg timestamp="20220316 12:04:34.032" level="INFO">No keyword will be run on failure.</msg>
<msg timestamp="20220316 12:04:34.033" level="INFO">No keyword will be run on failure.</msg>
<msg timestamp="20220316 12:04:34.033" level="INFO">No keyword will be run on failure.</msg>
<msg timestamp="20220316 12:04:34.033" level="INFO">No keyword will be run on failure.</msg>
<msg timestamp="20220316 12:04:34.033" level="INFO">No keyword will be run on failure.</msg>
<msg timestamp="20220316 12:04:34.033" level="INFO">No keyword will be run on failure.</msg>
<msg timestamp="20220316 12:04:34.033" level="INFO">No keyword will be run on failure.</msg>
<msg timestamp="20220316 12:04:34.033" level="INFO">No keyword will be run on failure.</msg>
<msg timestamp="20220316 12:04:34.033" level="INFO">No keyword will be run on failure.</msg>
<msg timestamp="20220316 12:04:34.033" level="INFO">No keyword will be run on failure.</msg>
<msg timestamp="20220316 12:04:34.033" level="INFO">No keyword will be run on failure.</msg>
<msg timestamp="20220316 12:04:34.034" level="INFO">No keyword will be run on failure.</msg>
<msg timestamp="20220316 12:04:34.034" level="INFO">No keyword will be run on failure.</msg>
<msg timestamp="20220316 12:04:34.034" level="INFO">No keyword will be run on failure.</msg>
<msg timestamp="20220316 12:04:34.034" level="INFO">No keyword will be run on failure.</msg>
<msg timestamp="20220316 12:04:34.034" level="INFO">No keyword will be run on failure.</msg>
<msg timestamp="20220316 12:04:34.034" level="INFO">No keyword will be run on failure.</msg>
<msg timestamp="20220316 12:04:34.034" level="INFO">No keyword will be run on failure.</msg>
<msg timestamp="20220316 12:04:34.034" level="INFO">No keyword will be run on failure.</msg>
<msg timestamp="20220316 12:04:34.034" level="INFO">No keyword will be run on failure.</msg>
<msg timestamp="20220316 12:04:34.034" level="INFO">No keyword will be run on failure.</msg>
<msg timestamp="20220316 12:04:34.034" level="INFO">No keyword will be run on failure.</msg>
<msg timestamp="20220316 12:04:34.034" level="INFO">No keyword will be run on failure.</msg>
<msg timestamp="20220316 12:04:34.034" level="INFO">No keyword will be run on failure.</msg>
<msg timestamp="20220316 12:04:34.034" level="INFO">No keyword will be run on failure.</msg>
<msg timestamp="20220316 12:04:34.034" level="INFO">No keyword will be run on failure.</msg>
<msg timestamp="20220316 12:04:34.034" level="INFO">No keyword will be run on failure.</msg>
<msg timestamp="20220316 12:04:34.034" level="INFO">No keyword will be run on failure.</msg>
<msg timestamp="20220316 12:04:34.034" level="INFO">No keyword will be run on failure.</msg>
<msg timestamp="20220316 12:04:34.034" level="INFO">No keyword will be run on failure.</msg>
<msg timestamp="20220316 12:04:34.034" level="INFO">No keyword will be run on failure.</msg>
<msg timestamp="20220316 12:04:34.034" level="INFO">No keyword will be run on failure.</msg>
<msg timestamp="20220316 12:04:34.034" level="INFO">No keyword will be run on failure.</msg>
<msg timestamp="20220316 12:04:34.035" level="INFO">No keyword will be run on failure.</msg>
<msg timestamp="20220316 12:04:34.035" level="INFO">No keyword will be run on failure.</msg>
<msg timestamp="20220316 12:04:34.035" level="INFO">No keyword will be run on failure.</msg>
<msg timestamp="20220316 12:04:34.035" level="INFO">No keyword will be run on failure.</msg>
<msg timestamp="20220316 12:04:34.035" level="INFO">No keyword will be run on failure.</msg>
<msg timestamp="20220316 12:04:34.035" level="INFO">Executing JavaScript:
window.scrollTo(0, 0)
Without any arguments.</msg>
<status status="PASS" starttime="20220316 12:04:34.029" endtime="20220316 12:04:34.085"/>
</kw>
<kw name="Sleep" library="BuiltIn">
<arg>500ms</arg>
<doc>Pauses the test executed for the given time.</doc>
<msg timestamp="20220316 12:04:34.595" level="INFO">Slept 500 milliseconds</msg>
<status status="PASS" starttime="20220316 12:04:34.086" endtime="20220316 12:04:34.595"/>
</kw>
<status status="PASS" starttime="20220316 12:04:27.068" endtime="20220316 12:04:34.597"/>
</kw>
<kw name="Store the tweets">
<kw name="Create Directory" library="RPA.FileSystem">
<arg>${TWEET_DIRECTORY}</arg>
<arg>parents=True</arg>
<doc>Creates a directory and (optionally) non-existing parent directories.</doc>
<status status="PASS" starttime="20220316 12:04:34.600" endtime="20220316 12:04:34.604"/>
</kw>
<kw name="Set Variable" library="BuiltIn">
<var>${index}</var>
<arg>1</arg>
<doc>Returns the given values which can then be assigned to a variables.</doc>
<msg timestamp="20220316 12:04:34.606" level="INFO">${index} = 1</msg>
<status status="PASS" starttime="20220316 12:04:34.605" endtime="20220316 12:04:34.607"/>
</kw>
<kw name="Get tweets">
<var>@{tweets}</var>
<kw name="Wait Until Element Is Visible" library="RPA.Browser.Selenium">
<arg>${TWEETS_LOCATOR}</arg>
<doc>Waits until the element ``locator`` is visible.</doc>
<status status="PASS" starttime="20220316 12:04:34.609" endtime="20220316 12:04:34.661"/>
</kw>
<kw name="Get WebElements" library="RPA.Browser.Selenium">
<var>@{all_tweets}</var>
<arg>${TWEETS_LOCATOR}</arg>
<doc>Returns a list of WebElement objects matching the ``locator``.</doc>
<msg timestamp="20220316 12:04:34.677" level="INFO">@{all_tweets} = [ &lt;selenium.webdriver.remote.webelement.WebElement (session="6d74c172c514708b87062f7d9efeebb7", element="31de1cf0-2be0-4f63-a28b-dceb44f4a8ce")&gt; | &lt;selenium.webdriver.remote.webelement.WebElement (ses...</msg>
<status status="PASS" starttime="20220316 12:04:34.662" endtime="20220316 12:04:34.678"/>
</kw>
<kw name="Get Slice From List" library="Collections">
<var>@{tweets}</var>
<arg>${all_tweets}</arg>
<arg>0</arg>
<arg>${NUMBER_OF_TWEETS}</arg>
<doc>Returns a slice of the given list between ``start`` and ``end`` indexes.</doc>
<msg timestamp="20220316 12:04:34.680" level="INFO">@{tweets} = [ &lt;selenium.webdriver.remote.webelement.WebElement (session="6d74c172c514708b87062f7d9efeebb7", element="31de1cf0-2be0-4f63-a28b-dceb44f4a8ce")&gt; | &lt;selenium.webdriver.remote.webelement.WebElement (ses...</msg>
<status status="PASS" starttime="20220316 12:04:34.678" endtime="20220316 12:04:34.680"/>
</kw>
<msg timestamp="20220316 12:04:34.681" level="INFO">@{tweets} = [ &lt;selenium.webdriver.remote.webelement.WebElement (session="6d74c172c514708b87062f7d9efeebb7", element="31de1cf0-2be0-4f63-a28b-dceb44f4a8ce")&gt; | &lt;selenium.webdriver.remote.webelement.WebElement (ses...</msg>
<status status="PASS" starttime="20220316 12:04:34.607" endtime="20220316 12:04:34.681"/>
</kw>
<for flavor="IN">
<var>${tweet}</var>
<value>@{tweets}</value>
<iter>
<var name="${tweet}">&lt;selenium.webdriver.remote.webelement.WebElement (session="6d74c172c514708b87062f7d9efeebb7", element="31de1cf0-2be0-4f63-a28b-dceb44f4a8ce")&gt;</var>
<kw name="Set Variable" library="BuiltIn">
<var>${screenshot_file}</var>
<arg>${TWEET_DIRECTORY}/tweet-${index}.png</arg>
<doc>Returns the given values which can then be assigned to a variables.</doc>
<msg timestamp="20220316 12:04:34.684" level="INFO">${screenshot_file} = e:\Internshala\1-Xorion Technologies Pvt Ltd., Nagpur\Projects\Twitter web scrapper\Twitter-Web-scrapper\output\tweets/RobocorpInc/tweet-1.png</msg>
<status status="PASS" starttime="20220316 12:04:34.683" endtime="20220316 12:04:34.685"/>
</kw>
<kw name="Set Variable" library="BuiltIn">
<var>${text_file}</var>
<arg>${TWEET_DIRECTORY}/tweet-${index}.txt</arg>
<doc>Returns the given values which can then be assigned to a variables.</doc>
<msg timestamp="20220316 12:04:34.686" level="INFO">${text_file} = e:\Internshala\1-Xorion Technologies Pvt Ltd., Nagpur\Projects\Twitter web scrapper\Twitter-Web-scrapper\output\tweets/RobocorpInc/tweet-1.txt</msg>
<status status="PASS" starttime="20220316 12:04:34.685" endtime="20220316 12:04:34.686"/>
</kw>
<kw name="Set Variable" library="BuiltIn">
<var>${text}</var>
<arg>${tweet.find_element_by_xpath(".//div[@lang='en']").text}</arg>
<doc>Returns the given values which can then be assigned to a variables.</doc>
<msg timestamp="20220316 12:04:34.729" level="INFO">${text} = We are heading to Robocon 2022 as #Platinum sponsors! 

Click this link and get your tickets directly at a 25% discount: https://bit.ly/3Ib5rW7

We can't wait to see you there!</msg>
<status status="PASS" starttime="20220316 12:04:34.687" endtime="20220316 12:04:34.729"/>
</kw>
<kw name="Capture Element Screenshot" library="RPA.Browser.Selenium">
<arg>${tweet}</arg>
<arg>${screenshot_file}</arg>
<doc>Captures a screenshot from the element identified by ``locator`` and embeds it into log file.</doc>
<msg timestamp="20220316 12:04:34.893" level="INFO" html="true">&lt;/td&gt;&lt;/tr&gt;&lt;tr&gt;&lt;td colspan="3"&gt;&lt;a href="tweets/RobocorpInc/tweet-1.png"&gt;&lt;img src="tweets/RobocorpInc/tweet-1.png" width="400px"&gt;&lt;/a&gt;</msg>
<status status="PASS" starttime="20220316 12:04:34.730" endtime="20220316 12:04:34.893"/>
</kw>
<kw name="Create File" library="RPA.FileSystem">
<arg>${text_file}</arg>
<arg>${text}</arg>
<arg>overwrite=True</arg>
<doc>Creates a new text file, and writes content if any is given.</doc>
<status status="PASS" starttime="20220316 12:04:34.893" endtime="20220316 12:04:34.909"/>
</kw>
<kw name="Evaluate" library="BuiltIn">
<var>${index}</var>
<arg>${index} + 1</arg>
<doc>Evaluates the given expression in Python and returns the result.</doc>
<msg timestamp="20220316 12:04:34.912" level="INFO">${index} = 2</msg>
<status status="PASS" starttime="20220316 12:04:34.910" endtime="20220316 12:04:34.912"/>
</kw>
<status status="PASS" starttime="20220316 12:04:34.682" endtime="20220316 12:04:34.912"/>
</iter>
<iter>
<var name="${tweet}">&lt;selenium.webdriver.remote.webelement.WebElement (session="6d74c172c514708b87062f7d9efeebb7", element="cc6ff477-cbf0-4cac-959f-c73f056997e6")&gt;</var>
<kw name="Set Variable" library="BuiltIn">
<var>${screenshot_file}</var>
<arg>${TWEET_DIRECTORY}/tweet-${index}.png</arg>
<doc>Returns the given values which can then be assigned to a variables.</doc>
<msg timestamp="20220316 12:04:34.915" level="INFO">${screenshot_file} = e:\Internshala\1-Xorion Technologies Pvt Ltd., Nagpur\Projects\Twitter web scrapper\Twitter-Web-scrapper\output\tweets/RobocorpInc/tweet-2.png</msg>
<status status="PASS" starttime="20220316 12:04:34.913" endtime="20220316 12:04:34.915"/>
</kw>
<kw name="Set Variable" library="BuiltIn">
<var>${text_file}</var>
<arg>${TWEET_DIRECTORY}/tweet-${index}.txt</arg>
<doc>Returns the given values which can then be assigned to a variables.</doc>
<msg timestamp="20220316 12:04:34.916" level="INFO">${text_file} = e:\Internshala\1-Xorion Technologies Pvt Ltd., Nagpur\Projects\Twitter web scrapper\Twitter-Web-scrapper\output\tweets/RobocorpInc/tweet-2.txt</msg>
<status status="PASS" starttime="20220316 12:04:34.915" endtime="20220316 12:04:34.916"/>
</kw>
<kw name="Set Variable" library="BuiltIn">
<var>${text}</var>
<arg>${tweet.find_element_by_xpath(".//div[@lang='en']").text}</arg>
<doc>Returns the given values which can then be assigned to a variables.</doc>
<msg timestamp="20220316 12:04:34.984" level="INFO">${text} = Happy FriYAY! What better way to kick off the weekend then by listening to Bots and People's 50th #podcast episode, featuring Robocorp's CEO Antti  Karjalainen!

Click here to listen to the episode 
S...</msg>
<status status="PASS" starttime="20220316 12:04:34.917" endtime="20220316 12:04:34.984"/>
</kw>
<kw name="Capture Element Screenshot" library="RPA.Browser.Selenium">
<arg>${tweet}</arg>
<arg>${screenshot_file}</arg>
<doc>Captures a screenshot from the element identified by ``locator`` and embeds it into log file.</doc>
<msg timestamp="20220316 12:04:35.132" level="INFO" html="true">&lt;/td&gt;&lt;/tr&gt;&lt;tr&gt;&lt;td colspan="3"&gt;&lt;a href="tweets/RobocorpInc/tweet-2.png"&gt;&lt;img src="tweets/RobocorpInc/tweet-2.png" width="400px"&gt;&lt;/a&gt;</msg>
<status status="PASS" starttime="20220316 12:04:34.984" endtime="20220316 12:04:35.132"/>
</kw>
<kw name="Create File" library="RPA.FileSystem">
<arg>${text_file}</arg>
<arg>${text}</arg>
<arg>overwrite=True</arg>
<doc>Creates a new text file, and writes content if any is given.</doc>
<status status="PASS" starttime="20220316 12:04:35.134" endtime="20220316 12:04:35.147"/>
</kw>
<kw name="Evaluate" library="BuiltIn">
<var>${index}</var>
<arg>${index} + 1</arg>
<doc>Evaluates the given expression in Python and returns the result.</doc>
<msg timestamp="20220316 12:04:35.150" level="INFO">${index} = 3</msg>
<status status="PASS" starttime="20220316 12:04:35.148" endtime="20220316 12:04:35.150"/>
</kw>
<status status="PASS" starttime="20220316 12:04:34.913" endtime="20220316 12:04:35.151"/>
</iter>
<iter>
<var name="${tweet}">&lt;selenium.webdriver.remote.webelement.WebElement (session="6d74c172c514708b87062f7d9efeebb7", element="088f3f17-a7ef-472d-8c03-e83bc31fbab3")&gt;</var>
<kw name="Set Variable" library="BuiltIn">
<var>${screenshot_file}</var>
<arg>${TWEET_DIRECTORY}/tweet-${index}.png</arg>
<doc>Returns the given values which can then be assigned to a variables.</doc>
<msg timestamp="20220316 12:04:35.153" level="INFO">${screenshot_file} = e:\Internshala\1-Xorion Technologies Pvt Ltd., Nagpur\Projects\Twitter web scrapper\Twitter-Web-scrapper\output\tweets/RobocorpInc/tweet-3.png</msg>
<status status="PASS" starttime="20220316 12:04:35.152" endtime="20220316 12:04:35.153"/>
</kw>
<kw name="Set Variable" library="BuiltIn">
<var>${text_file}</var>
<arg>${TWEET_DIRECTORY}/tweet-${index}.txt</arg>
<doc>Returns the given values which can then be assigned to a variables.</doc>
<msg timestamp="20220316 12:04:35.155" level="INFO">${text_file} = e:\Internshala\1-Xorion Technologies Pvt Ltd., Nagpur\Projects\Twitter web scrapper\Twitter-Web-scrapper\output\tweets/RobocorpInc/tweet-3.txt</msg>
<status status="PASS" starttime="20220316 12:04:35.154" endtime="20220316 12:04:35.155"/>
</kw>
<kw name="Set Variable" library="BuiltIn">
<var>${text}</var>
<arg>${tweet.find_element_by_xpath(".//div[@lang='en']").text}</arg>
<doc>Returns the given values which can then be assigned to a variables.</doc>
<msg timestamp="20220316 12:04:35.203" level="INFO">${text} = We are excited to announce that we are producing a new #webinar with Cognitive Automation Labs, our #partners from #downunder! 

REGISTER BELOW to join us on Wednesday, March 30th at 5:00pm ( Thursday...</msg>
<status status="PASS" starttime="20220316 12:04:35.156" endtime="20220316 12:04:35.203"/>
</kw>
<kw name="Capture Element Screenshot" library="RPA.Browser.Selenium">
<arg>${tweet}</arg>
<arg>${screenshot_file}</arg>
<doc>Captures a screenshot from the element identified by ``locator`` and embeds it into log file.</doc>
<msg timestamp="20220316 12:04:35.371" level="INFO" html="true">&lt;/td&gt;&lt;/tr&gt;&lt;tr&gt;&lt;td colspan="3"&gt;&lt;a href="tweets/RobocorpInc/tweet-3.png"&gt;&lt;img src="tweets/RobocorpInc/tweet-3.png" width="400px"&gt;&lt;/a&gt;</msg>
<status status="PASS" starttime="20220316 12:04:35.204" endtime="20220316 12:04:35.372"/>
</kw>
<kw name="Create File" library="RPA.FileSystem">
<arg>${text_file}</arg>
<arg>${text}</arg>
<arg>overwrite=True</arg>
<doc>Creates a new text file, and writes content if any is given.</doc>
<status status="PASS" starttime="20220316 12:04:35.372" endtime="20220316 12:04:35.388"/>
</kw>
<kw name="Evaluate" library="BuiltIn">
<var>${index}</var>
<arg>${index} + 1</arg>
<doc>Evaluates the given expression in Python and returns the result.</doc>
<msg timestamp="20220316 12:04:35.390" level="INFO">${index} = 4</msg>
<status status="PASS" starttime="20220316 12:04:35.389" endtime="20220316 12:04:35.390"/>
</kw>
<status status="PASS" starttime="20220316 12:04:35.151" endtime="20220316 12:04:35.391"/>
</iter>
<status status="PASS" starttime="20220316 12:04:34.682" endtime="20220316 12:04:35.391"/>
</for>
<status status="PASS" starttime="20220316 12:04:34.598" endtime="20220316 12:04:35.392"/>
</kw>
<kw name="Close Browser" library="RPA.Browser.Selenium" type="TEARDOWN">
<doc>Closes the current browser.</doc>
<status status="PASS" starttime="20220316 12:04:35.393" endtime="20220316 12:04:37.632"/>
</kw>
<status status="PASS" starttime="20220316 12:04:18.646" endtime="20220316 12:04:37.632"/>
</test>
<doc>Opens the Twitter web page and stores some content.</doc>
<status status="PASS" starttime="20220316 12:04:17.664" endtime="20220316 12:04:37.633"/>
</suite>
<statistics>
<total>
<stat pass="1" fail="0" skip="0">All Tasks</stat>
</total>
<tag>
</tag>
<suite>
<stat pass="1" fail="0" skip="0" id="s1" name="Tasks">Tasks</stat>
</suite>
</statistics>
<errors>
</errors>
</robot>
